# JRE version: Java(TM) SE Runtime Environment (8.0_152-b16) (build 1.8.0_152-b16)
# Java VM: Java HotSpot(TM) 64-Bit Server VM (25.152-b16 mixed mode linux-amd64 compressed oops)
Heap:
 PSYoungGen      total 65024K, used 6851K [0x00000000d9f80000, 0x00000000de380000, 0x0000000100000000)
  eden space 60416K, 11% used [0x00000000d9f80000,0x00000000da630cf0,0x00000000dda80000)
  from space 4608K, 0% used [0x00000000ddf00000,0x00000000ddf00000,0x00000000de380000)
  to   space 4608K, 0% used [0x00000000dda80000,0x00000000dda80000,0x00000000ddf00000)
 ParOldGen       total 79360K, used 3501K [0x000000008de00000, 0x0000000092b80000, 0x00000000d9f80000)
  object space 79360K, 4% used [0x000000008de00000,0x000000008e16b5f0,0x0000000092b80000)
 Metaspace       used 20271K, capacity 20634K, committed 20864K, reserved 1067008K
  class space    used 2545K, capacity 2657K, committed 2688K, reserved 1048576K
GC Heap History (10 events):
Event: 223203.593 GC heap before
{Heap before GC invocations=127 (full 63):
 PSYoungGen      total 65024K, used 160K [0x00000000d9f80000, 0x00000000de380000, 0x0000000100000000)
  eden space 60416K, 0% used [0x00000000d9f80000,0x00000000d9f80000,0x00000000dda80000)
  from space 4608K, 3% used [0x00000000ddf00000,0x00000000ddf28000,0x00000000de380000)
  to   space 4608K, 0% used [0x00000000dda80000,0x00000000dda80000,0x00000000ddf00000)
 ParOldGen       total 79360K, used 3501K [0x000000008de00000, 0x0000000092b80000, 0x00000000d9f80000)
  object space 79360K, 4% used [0x000000008de00000,0x000000008e16b5f0,0x0000000092b80000)
 Metaspace       used 20139K, capacity 20384K, committed 20864K, reserved 1067008K
  class space    used 2528K, capacity 2626K, committed 2688K, reserved 1048576K
Event: 223203.628 GC heap after
Heap after GC invocations=127 (full 63):
 PSYoungGen      total 65024K, used 0K [0x00000000d9f80000, 0x00000000de380000, 0x0000000100000000)
  eden space 60416K, 0% used [0x00000000d9f80000,0x00000000d9f80000,0x00000000dda80000)
  from space 4608K, 0% used [0x00000000ddf00000,0x00000000ddf00000,0x00000000de380000)
  to   space 4608K, 0% used [0x00000000dda80000,0x00000000dda80000,0x00000000ddf00000)
 ParOldGen       total 79360K, used 3501K [0x000000008de00000, 0x0000000092b80000, 0x00000000d9f80000)
  object space 79360K, 4% used [0x000000008de00000,0x000000008e16b5f0,0x0000000092b80000)
 Metaspace       used 20127K, capacity 20366K, committed 20864K, reserved 1067008K
  class space    used 2526K, capacity 2623K, committed 2688K, reserved 1048576K
}
Event: 226803.630 GC heap before
{Heap before GC invocations=128 (full 63):
 PSYoungGen      total 65024K, used 4531K [0x00000000d9f80000, 0x00000000de380000, 0x0000000100000000)
  eden space 60416K, 7% used [0x00000000d9f80000,0x00000000da3ecd98,0x00000000dda80000)
  from space 4608K, 0% used [0x00000000ddf00000,0x00000000ddf00000,0x00000000de380000)
  to   space 4608K, 0% used [0x00000000dda80000,0x00000000dda80000,0x00000000ddf00000)
 ParOldGen       total 79360K, used 3501K [0x000000008de00000, 0x0000000092b80000, 0x00000000d9f80000)
  object space 79360K, 4% used [0x000000008de00000,0x000000008e16b5f0,0x0000000092b80000)
 Metaspace       used 20141K, capacity 20384K, committed 20864K, reserved 1067008K
  class space    used 2528K, capacity 2626K, committed 2688K, reserved 1048576K
Event: 226803.634 GC heap after
Heap after GC invocations=128 (full 63):
 PSYoungGen      total 65024K, used 96K [0x00000000d9f80000, 0x00000000de380000, 0x0000000100000000)
  eden space 60416K, 0% used [0x00000000d9f80000,0x00000000d9f80000,0x00000000dda80000)
  from space 4608K, 2% used [0x00000000dda80000,0x00000000dda98000,0x00000000ddf00000)
  to   space 4608K, 0% used [0x00000000ddf00000,0x00000000ddf00000,0x00000000de380000)
 ParOldGen       total 79360K, used 3501K [0x000000008de00000, 0x0000000092b80000, 0x00000000d9f80000)
  object space 79360K, 4% used [0x000000008de00000,0x000000008e16b5f0,0x0000000092b80000)
 Metaspace       used 20141K, capacity 20384K, committed 20864K, reserved 1067008K
  class space    used 2528K, capacity 2626K, committed 2688K, reserved 1048576K
}
Event: 226803.634 GC heap before
{Heap before GC invocations=129 (full 64):
 PSYoungGen      total 65024K, used 96K [0x00000000d9f80000, 0x00000000de380000, 0x0000000100000000)
  eden space 60416K, 0% used [0x00000000d9f80000,0x00000000d9f80000,0x00000000dda80000)
  from space 4608K, 2% used [0x00000000dda80000,0x00000000dda98000,0x00000000ddf00000)
  to   space 4608K, 0% used [0x00000000ddf00000,0x00000000ddf00000,0x00000000de380000)
 ParOldGen       total 79360K, used 3501K [0x000000008de00000, 0x0000000092b80000, 0x00000000d9f80000)
  object space 79360K, 4% used [0x000000008de00000,0x000000008e16b5f0,0x0000000092b80000)
 Metaspace       used 20141K, capacity 20384K, committed 20864K, reserved 1067008K
  class space    used 2528K, capacity 2626K, committed 2688K, reserved 1048576K
Event: 226803.668 GC heap after
Heap after GC invocations=129 (full 64):
 PSYoungGen      total 65024K, used 0K [0x00000000d9f80000, 0x00000000de380000, 0x0000000100000000)
  eden space 60416K, 0% used [0x00000000d9f80000,0x00000000d9f80000,0x00000000dda80000)
  from space 4608K, 0% used [0x00000000dda80000,0x00000000dda80000,0x00000000ddf00000)
  to   space 4608K, 0% used [0x00000000ddf00000,0x00000000ddf00000,0x00000000de380000)
 ParOldGen       total 79360K, used 3501K [0x000000008de00000, 0x0000000092b80000, 0x00000000d9f80000)
  object space 79360K, 4% used [0x000000008de00000,0x000000008e16b5f0,0x0000000092b80000)
 Metaspace       used 20129K, capacity 20366K, committed 20864K, reserved 1067008K
  class space    used 2526K, capacity 2623K, committed 2688K, reserved 1048576K
}
Event: 230403.669 GC heap before
{Heap before GC invocations=130 (full 64):
 PSYoungGen      total 65024K, used 4531K [0x00000000d9f80000, 0x00000000de380000, 0x0000000100000000)
  eden space 60416K, 7% used [0x00000000d9f80000,0x00000000da3ecd98,0x00000000dda80000)
  from space 4608K, 0% used [0x00000000dda80000,0x00000000dda80000,0x00000000ddf00000)
  to   space 4608K, 0% used [0x00000000ddf00000,0x00000000ddf00000,0x00000000de380000)
 ParOldGen       total 79360K, used 3501K [0x000000008de00000, 0x0000000092b80000, 0x00000000d9f80000)
  object space 79360K, 4% used [0x000000008de00000,0x000000008e16b5f0,0x0000000092b80000)
 Metaspace       used 20142K, capacity 20448K, committed 20864K, reserved 1067008K
  class space    used 2528K, capacity 2626K, committed 2688K, reserved 1048576K
Event: 230403.674 GC heap after
Heap after GC invocations=130 (full 64):
 PSYoungGen      total 65024K, used 128K [0x00000000d9f80000, 0x00000000de380000, 0x0000000100000000)
  eden space 60416K, 0% used [0x00000000d9f80000,0x00000000d9f80000,0x00000000dda80000)
  from space 4608K, 2% used [0x00000000ddf00000,0x00000000ddf20000,0x00000000de380000)
  to   space 4608K, 0% used [0x00000000dda80000,0x00000000dda80000,0x00000000ddf00000)
 ParOldGen       total 79360K, used 3501K [0x000000008de00000, 0x0000000092b80000, 0x00000000d9f80000)
  object space 79360K, 4% used [0x000000008de00000,0x000000008e16b5f0,0x0000000092b80000)
 Metaspace       used 20142K, capacity 20448K, committed 20864K, reserved 1067008K
  class space    used 2528K, capacity 2626K, committed 2688K, reserved 1048576K
}
Event: 230403.674 GC heap before
{Heap before GC invocations=131 (full 65):
 PSYoungGen      total 65024K, used 128K [0x00000000d9f80000, 0x00000000de380000, 0x0000000100000000)
  eden space 60416K, 0% used [0x00000000d9f80000,0x00000000d9f80000,0x00000000dda80000)
  from space 4608K, 2% used [0x00000000ddf00000,0x00000000ddf20000,0x00000000de380000)
  to   space 4608K, 0% used [0x00000000dda80000,0x00000000dda80000,0x00000000ddf00000)
 ParOldGen       total 79360K, used 3501K [0x000000008de00000, 0x0000000092b80000, 0x00000000d9f80000)
  object space 79360K, 4% used [0x000000008de00000,0x000000008e16b5f0,0x0000000092b80000)
 Metaspace       used 20142K, capacity 20448K, committed 20864K, reserved 1067008K
  class space    used 2528K, capacity 2626K, committed 2688K, reserved 1048576K
Event: 230403.712 GC heap after
Heap after GC invocations=131 (full 65):
 PSYoungGen      total 65024K, used 0K [0x00000000d9f80000, 0x00000000de380000, 0x0000000100000000)
  eden space 60416K, 0% used [0x00000000d9f80000,0x00000000d9f80000,0x00000000dda80000)
  from space 4608K, 0% used [0x00000000ddf00000,0x00000000ddf00000,0x00000000de380000)
  to   space 4608K, 0% used [0x00000000dda80000,0x00000000dda80000,0x00000000ddf00000)
 ParOldGen       total 79360K, used 3501K [0x000000008de00000, 0x0000000092b80000, 0x00000000d9f80000)
  object space 79360K, 4% used [0x000000008de00000,0x000000008e16b5f0,0x0000000092b80000)
 Metaspace       used 20130K, capacity 20430K, committed 20864K, reserved 1067008K
  class space    used 2526K, capacity 2623K, committed 2688K, reserved 1048576K
}

