# JRE version: Java(TM) SE Runtime Environment (8.0_152-b16) (build 1.8.0_152-b16)
# Java VM: Java HotSpot(TM) 64-Bit Server VM (25.152-b16 mixed mode linux-amd64 compressed oops)
Heap:
 PSYoungGen      total 29696K, used 1509K [0x00000000d9f80000, 0x00000000dc000000, 0x0000000100000000)
  eden space 27136K, 5% used [0x00000000d9f80000,0x00000000da0f94d0,0x00000000dba00000)
  from space 2560K, 0% used [0x00000000dbd80000,0x00000000dbd80000,0x00000000dc000000)
  to   space 3072K, 0% used [0x00000000dba00000,0x00000000dba00000,0x00000000dbd00000)
 ParOldGen       total 79360K, used 3759K [0x000000008de00000, 0x0000000092b80000, 0x00000000d9f80000)
  object space 79360K, 4% used [0x000000008de00000,0x000000008e1abcf0,0x0000000092b80000)
 Metaspace       used 21431K, capacity 21652K, committed 22656K, reserved 1069056K
  class space    used 2661K, capacity 2754K, committed 2944K, reserved 1048576K
GC Heap History (10 events):
Event: 57602.425 GC heap before
{Heap before GC invocations=41 (full 17):
 PSYoungGen      total 30208K, used 128K [0x00000000d9f80000, 0x00000000dc100000, 0x0000000100000000)
  eden space 27136K, 0% used [0x00000000d9f80000,0x00000000d9f80000,0x00000000dba00000)
  from space 3072K, 4% used [0x00000000dbe00000,0x00000000dbe20000,0x00000000dc100000)
  to   space 3584K, 0% used [0x00000000dba00000,0x00000000dba00000,0x00000000dbd80000)
 ParOldGen       total 79360K, used 3767K [0x000000008de00000, 0x0000000092b80000, 0x00000000d9f80000)
  object space 79360K, 4% used [0x000000008de00000,0x000000008e1adc90,0x0000000092b80000)
 Metaspace       used 21426K, capacity 21652K, committed 22656K, reserved 1069056K
  class space    used 2661K, capacity 2754K, committed 2944K, reserved 1048576K
Event: 57602.461 GC heap after
Heap after GC invocations=41 (full 17):
 PSYoungGen      total 30208K, used 0K [0x00000000d9f80000, 0x00000000dc100000, 0x0000000100000000)
  eden space 27136K, 0% used [0x00000000d9f80000,0x00000000d9f80000,0x00000000dba00000)
  from space 3072K, 0% used [0x00000000dbe00000,0x00000000dbe00000,0x00000000dc100000)
  to   space 3584K, 0% used [0x00000000dba00000,0x00000000dba00000,0x00000000dbd80000)
 ParOldGen       total 79360K, used 3759K [0x000000008de00000, 0x0000000092b80000, 0x00000000d9f80000)
  object space 79360K, 4% used [0x000000008de00000,0x000000008e1abcf0,0x0000000092b80000)
 Metaspace       used 21415K, capacity 21634K, committed 22656K, reserved 1069056K
  class space    used 2660K, capacity 2751K, committed 2944K, reserved 1048576K
}
Event: 61202.462 GC heap before
{Heap before GC invocations=42 (full 17):
 PSYoungGen      total 30208K, used 1266K [0x00000000d9f80000, 0x00000000dc100000, 0x0000000100000000)
  eden space 27136K, 4% used [0x00000000d9f80000,0x00000000da0bcb50,0x00000000dba00000)
  from space 3072K, 0% used [0x00000000dbe00000,0x00000000dbe00000,0x00000000dc100000)
  to   space 3584K, 0% used [0x00000000dba00000,0x00000000dba00000,0x00000000dbd80000)
 ParOldGen       total 79360K, used 3759K [0x000000008de00000, 0x0000000092b80000, 0x00000000d9f80000)
  object space 79360K, 4% used [0x000000008de00000,0x000000008e1abcf0,0x0000000092b80000)
 Metaspace       used 21427K, capacity 21652K, committed 22656K, reserved 1069056K
  class space    used 2661K, capacity 2754K, committed 2944K, reserved 1048576K
Event: 61202.466 GC heap after
Heap after GC invocations=42 (full 17):
 PSYoungGen      total 30720K, used 160K [0x00000000d9f80000, 0x00000000dc100000, 0x0000000100000000)
  eden space 27136K, 0% used [0x00000000d9f80000,0x00000000d9f80000,0x00000000dba00000)
  from space 3584K, 4% used [0x00000000dba00000,0x00000000dba28000,0x00000000dbd80000)
  to   space 3584K, 0% used [0x00000000dbd80000,0x00000000dbd80000,0x00000000dc100000)
 ParOldGen       total 79360K, used 3759K [0x000000008de00000, 0x0000000092b80000, 0x00000000d9f80000)
  object space 79360K, 4% used [0x000000008de00000,0x000000008e1abcf0,0x0000000092b80000)
 Metaspace       used 21427K, capacity 21652K, committed 22656K, reserved 1069056K
  class space    used 2661K, capacity 2754K, committed 2944K, reserved 1048576K
}
Event: 61202.466 GC heap before
{Heap before GC invocations=43 (full 18):
 PSYoungGen      total 30720K, used 160K [0x00000000d9f80000, 0x00000000dc100000, 0x0000000100000000)
  eden space 27136K, 0% used [0x00000000d9f80000,0x00000000d9f80000,0x00000000dba00000)
  from space 3584K, 4% used [0x00000000dba00000,0x00000000dba28000,0x00000000dbd80000)
  to   space 3584K, 0% used [0x00000000dbd80000,0x00000000dbd80000,0x00000000dc100000)
 ParOldGen       total 79360K, used 3759K [0x000000008de00000, 0x0000000092b80000, 0x00000000d9f80000)
  object space 79360K, 4% used [0x000000008de00000,0x000000008e1abcf0,0x0000000092b80000)
 Metaspace       used 21427K, capacity 21652K, committed 22656K, reserved 1069056K
  class space    used 2661K, capacity 2754K, committed 2944K, reserved 1048576K
Event: 61202.504 GC heap after
Heap after GC invocations=43 (full 18):
 PSYoungGen      total 30720K, used 0K [0x00000000d9f80000, 0x00000000dc100000, 0x0000000100000000)
  eden space 27136K, 0% used [0x00000000d9f80000,0x00000000d9f80000,0x00000000dba00000)
  from space 3584K, 0% used [0x00000000dba00000,0x00000000dba00000,0x00000000dbd80000)
  to   space 3584K, 0% used [0x00000000dbd80000,0x00000000dbd80000,0x00000000dc100000)
 ParOldGen       total 79360K, used 3759K [0x000000008de00000, 0x0000000092b80000, 0x00000000d9f80000)
  object space 79360K, 4% used [0x000000008de00000,0x000000008e1abcf0,0x0000000092b80000)
 Metaspace       used 21415K, capacity 21634K, committed 22656K, reserved 1069056K
  class space    used 2660K, capacity 2751K, committed 2944K, reserved 1048576K
}
Event: 64802.505 GC heap before
{Heap before GC invocations=44 (full 18):
 PSYoungGen      total 30720K, used 1280K [0x00000000d9f80000, 0x00000000dc100000, 0x0000000100000000)
  eden space 27136K, 4% used [0x00000000d9f80000,0x00000000da0c0338,0x00000000dba00000)
  from space 3584K, 0% used [0x00000000dba00000,0x00000000dba00000,0x00000000dbd80000)
  to   space 3584K, 0% used [0x00000000dbd80000,0x00000000dbd80000,0x00000000dc100000)
 ParOldGen       total 79360K, used 3759K [0x000000008de00000, 0x0000000092b80000, 0x00000000d9f80000)
  object space 79360K, 4% used [0x000000008de00000,0x000000008e1abcf0,0x0000000092b80000)
 Metaspace       used 21427K, capacity 21652K, committed 22656K, reserved 1069056K
  class space    used 2661K, capacity 2754K, committed 2944K, reserved 1048576K
Event: 64802.510 GC heap after
Heap after GC invocations=44 (full 18):
 PSYoungGen      total 29696K, used 128K [0x00000000d9f80000, 0x00000000dc000000, 0x0000000100000000)
  eden space 27136K, 0% used [0x00000000d9f80000,0x00000000d9f80000,0x00000000dba00000)
  from space 2560K, 5% used [0x00000000dbd80000,0x00000000dbda0000,0x00000000dc000000)
  to   space 3072K, 0% used [0x00000000dba00000,0x00000000dba00000,0x00000000dbd00000)
 ParOldGen       total 79360K, used 3759K [0x000000008de00000, 0x0000000092b80000, 0x00000000d9f80000)
  object space 79360K, 4% used [0x000000008de00000,0x000000008e1abcf0,0x0000000092b80000)
 Metaspace       used 21427K, capacity 21652K, committed 22656K, reserved 1069056K
  class space    used 2661K, capacity 2754K, committed 2944K, reserved 1048576K
}
Event: 64802.510 GC heap before
{Heap before GC invocations=45 (full 19):
 PSYoungGen      total 29696K, used 128K [0x00000000d9f80000, 0x00000000dc000000, 0x0000000100000000)
  eden space 27136K, 0% used [0x00000000d9f80000,0x00000000d9f80000,0x00000000dba00000)
  from space 2560K, 5% used [0x00000000dbd80000,0x00000000dbda0000,0x00000000dc000000)
  to   space 3072K, 0% used [0x00000000dba00000,0x00000000dba00000,0x00000000dbd00000)
 ParOldGen       total 79360K, used 3759K [0x000000008de00000, 0x0000000092b80000, 0x00000000d9f80000)
  object space 79360K, 4% used [0x000000008de00000,0x000000008e1abcf0,0x0000000092b80000)
 Metaspace       used 21427K, capacity 21652K, committed 22656K, reserved 1069056K
  class space    used 2661K, capacity 2754K, committed 2944K, reserved 1048576K
Event: 64802.550 GC heap after
Heap after GC invocations=45 (full 19):
 PSYoungGen      total 29696K, used 0K [0x00000000d9f80000, 0x00000000dc000000, 0x0000000100000000)
  eden space 27136K, 0% used [0x00000000d9f80000,0x00000000d9f80000,0x00000000dba00000)
  from space 2560K, 0% used [0x00000000dbd80000,0x00000000dbd80000,0x00000000dc000000)
  to   space 3072K, 0% used [0x00000000dba00000,0x00000000dba00000,0x00000000dbd00000)
 ParOldGen       total 79360K, used 3759K [0x000000008de00000, 0x0000000092b80000, 0x00000000d9f80000)
  object space 79360K, 4% used [0x000000008de00000,0x000000008e1abcf0,0x0000000092b80000)
 Metaspace       used 21415K, capacity 21634K, committed 22656K, reserved 1069056K
  class space    used 2660K, capacity 2751K, committed 2944K, reserved 1048576K
}

