# JRE version: Java(TM) SE Runtime Environment (8.0_152-b16) (build 1.8.0_152-b16)
# Java VM: Java HotSpot(TM) 64-Bit Server VM (25.152-b16 mixed mode linux-amd64 compressed oops)
Heap:
 PSYoungGen      total 65024K, used 5941K [0x00000000d9f80000, 0x00000000de380000, 0x0000000100000000)
  eden space 60416K, 9% used [0x00000000d9f80000,0x00000000da54d728,0x00000000dda80000)
  from space 4608K, 0% used [0x00000000dda80000,0x00000000dda80000,0x00000000ddf00000)
  to   space 4608K, 0% used [0x00000000ddf00000,0x00000000ddf00000,0x00000000de380000)
 ParOldGen       total 79360K, used 3516K [0x000000008de00000, 0x0000000092b80000, 0x00000000d9f80000)
  object space 79360K, 4% used [0x000000008de00000,0x000000008e16f0c0,0x0000000092b80000)
 Metaspace       used 20560K, capacity 20880K, committed 21248K, reserved 1067008K
  class space    used 2617K, capacity 2732K, committed 2816K, reserved 1048576K
GC Heap History (10 events):
Event: 10801.513 GC heap before
{Heap before GC invocations=9 (full 4):
 PSYoungGen      total 65024K, used 160K [0x00000000d9f80000, 0x00000000de380000, 0x0000000100000000)
  eden space 60416K, 0% used [0x00000000d9f80000,0x00000000d9f80000,0x00000000dda80000)
  from space 4608K, 3% used [0x00000000dda80000,0x00000000ddaa8000,0x00000000ddf00000)
  to   space 4608K, 0% used [0x00000000ddf00000,0x00000000ddf00000,0x00000000de380000)
 ParOldGen       total 79360K, used 3520K [0x000000008de00000, 0x0000000092b80000, 0x00000000d9f80000)
  object space 79360K, 4% used [0x000000008de00000,0x000000008e170030,0x0000000092b80000)
 Metaspace       used 20312K, capacity 20564K, committed 20992K, reserved 1067008K
  class space    used 2594K, capacity 2690K, committed 2816K, reserved 1048576K
Event: 10801.543 GC heap after
Heap after GC invocations=9 (full 4):
 PSYoungGen      total 65024K, used 0K [0x00000000d9f80000, 0x00000000de380000, 0x0000000100000000)
  eden space 60416K, 0% used [0x00000000d9f80000,0x00000000d9f80000,0x00000000dda80000)
  from space 4608K, 0% used [0x00000000dda80000,0x00000000dda80000,0x00000000ddf00000)
  to   space 4608K, 0% used [0x00000000ddf00000,0x00000000ddf00000,0x00000000de380000)
 ParOldGen       total 79360K, used 3513K [0x000000008de00000, 0x0000000092b80000, 0x00000000d9f80000)
  object space 79360K, 4% used [0x000000008de00000,0x000000008e16e5e0,0x0000000092b80000)
 Metaspace       used 20300K, capacity 20546K, committed 20992K, reserved 1067008K
  class space    used 2592K, capacity 2687K, committed 2816K, reserved 1048576K
}
Event: 14401.544 GC heap before
{Heap before GC invocations=10 (full 4):
 PSYoungGen      total 65024K, used 2578K [0x00000000d9f80000, 0x00000000de380000, 0x0000000100000000)
  eden space 60416K, 4% used [0x00000000d9f80000,0x00000000da204998,0x00000000dda80000)
  from space 4608K, 0% used [0x00000000dda80000,0x00000000dda80000,0x00000000ddf00000)
  to   space 4608K, 0% used [0x00000000ddf00000,0x00000000ddf00000,0x00000000de380000)
 ParOldGen       total 79360K, used 3513K [0x000000008de00000, 0x0000000092b80000, 0x00000000d9f80000)
  object space 79360K, 4% used [0x000000008de00000,0x000000008e16e5e0,0x0000000092b80000)
 Metaspace       used 20339K, capacity 20564K, committed 20992K, reserved 1067008K
  class space    used 2594K, capacity 2690K, committed 2816K, reserved 1048576K
Event: 14401.549 GC heap after
Heap after GC invocations=10 (full 4):
 PSYoungGen      total 65024K, used 160K [0x00000000d9f80000, 0x00000000de380000, 0x0000000100000000)
  eden space 60416K, 0% used [0x00000000d9f80000,0x00000000d9f80000,0x00000000dda80000)
  from space 4608K, 3% used [0x00000000ddf00000,0x00000000ddf28000,0x00000000de380000)
  to   space 4608K, 0% used [0x00000000dda80000,0x00000000dda80000,0x00000000ddf00000)
 ParOldGen       total 79360K, used 3521K [0x000000008de00000, 0x0000000092b80000, 0x00000000d9f80000)
  object space 79360K, 4% used [0x000000008de00000,0x000000008e1705e0,0x0000000092b80000)
 Metaspace       used 20339K, capacity 20564K, committed 20992K, reserved 1067008K
  class space    used 2594K, capacity 2690K, committed 2816K, reserved 1048576K
}
Event: 14401.549 GC heap before
{Heap before GC invocations=11 (full 5):
 PSYoungGen      total 65024K, used 160K [0x00000000d9f80000, 0x00000000de380000, 0x0000000100000000)
  eden space 60416K, 0% used [0x00000000d9f80000,0x00000000d9f80000,0x00000000dda80000)
  from space 4608K, 3% used [0x00000000ddf00000,0x00000000ddf28000,0x00000000de380000)
  to   space 4608K, 0% used [0x00000000dda80000,0x00000000dda80000,0x00000000ddf00000)
 ParOldGen       total 79360K, used 3521K [0x000000008de00000, 0x0000000092b80000, 0x00000000d9f80000)
  object space 79360K, 4% used [0x000000008de00000,0x000000008e1705e0,0x0000000092b80000)
 Metaspace       used 20339K, capacity 20564K, committed 20992K, reserved 1067008K
  class space    used 2594K, capacity 2690K, committed 2816K, reserved 1048576K
Event: 14401.581 GC heap after
Heap after GC invocations=11 (full 5):
 PSYoungGen      total 65024K, used 0K [0x00000000d9f80000, 0x00000000de380000, 0x0000000100000000)
  eden space 60416K, 0% used [0x00000000d9f80000,0x00000000d9f80000,0x00000000dda80000)
  from space 4608K, 0% used [0x00000000ddf00000,0x00000000ddf00000,0x00000000de380000)
  to   space 4608K, 0% used [0x00000000dda80000,0x00000000dda80000,0x00000000ddf00000)
 ParOldGen       total 79360K, used 3514K [0x000000008de00000, 0x0000000092b80000, 0x00000000d9f80000)
  object space 79360K, 4% used [0x000000008de00000,0x000000008e16e9a0,0x0000000092b80000)
 Metaspace       used 20328K, capacity 20546K, committed 20992K, reserved 1067008K
  class space    used 2592K, capacity 2687K, committed 2816K, reserved 1048576K
}
Event: 18001.582 GC heap before
{Heap before GC invocations=12 (full 5):
 PSYoungGen      total 65024K, used 2578K [0x00000000d9f80000, 0x00000000de380000, 0x0000000100000000)
  eden space 60416K, 4% used [0x00000000d9f80000,0x00000000da204ae8,0x00000000dda80000)
  from space 4608K, 0% used [0x00000000ddf00000,0x00000000ddf00000,0x00000000de380000)
  to   space 4608K, 0% used [0x00000000dda80000,0x00000000dda80000,0x00000000ddf00000)
 ParOldGen       total 79360K, used 3514K [0x000000008de00000, 0x0000000092b80000, 0x00000000d9f80000)
  object space 79360K, 4% used [0x000000008de00000,0x000000008e16e9a0,0x0000000092b80000)
 Metaspace       used 20365K, capacity 20564K, committed 20992K, reserved 1067008K
  class space    used 2594K, capacity 2690K, committed 2816K, reserved 1048576K
Event: 18001.587 GC heap after
Heap after GC invocations=12 (full 5):
 PSYoungGen      total 65024K, used 96K [0x00000000d9f80000, 0x00000000de380000, 0x0000000100000000)
  eden space 60416K, 0% used [0x00000000d9f80000,0x00000000d9f80000,0x00000000dda80000)
  from space 4608K, 2% used [0x00000000dda80000,0x00000000dda98000,0x00000000ddf00000)
  to   space 4608K, 0% used [0x00000000ddf00000,0x00000000ddf00000,0x00000000de380000)
 ParOldGen       total 79360K, used 3522K [0x000000008de00000, 0x0000000092b80000, 0x00000000d9f80000)
  object space 79360K, 4% used [0x000000008de00000,0x000000008e1709a0,0x0000000092b80000)
 Metaspace       used 20365K, capacity 20564K, committed 20992K, reserved 1067008K
  class space    used 2594K, capacity 2690K, committed 2816K, reserved 1048576K
}
Event: 18001.587 GC heap before
{Heap before GC invocations=13 (full 6):
 PSYoungGen      total 65024K, used 96K [0x00000000d9f80000, 0x00000000de380000, 0x0000000100000000)
  eden space 60416K, 0% used [0x00000000d9f80000,0x00000000d9f80000,0x00000000dda80000)
  from space 4608K, 2% used [0x00000000dda80000,0x00000000dda98000,0x00000000ddf00000)
  to   space 4608K, 0% used [0x00000000ddf00000,0x00000000ddf00000,0x00000000de380000)
 ParOldGen       total 79360K, used 3522K [0x000000008de00000, 0x0000000092b80000, 0x00000000d9f80000)
  object space 79360K, 4% used [0x000000008de00000,0x000000008e1709a0,0x0000000092b80000)
 Metaspace       used 20365K, capacity 20564K, committed 20992K, reserved 1067008K
  class space    used 2594K, capacity 2690K, committed 2816K, reserved 1048576K
Event: 18001.618 GC heap after
Heap after GC invocations=13 (full 6):
 PSYoungGen      total 65024K, used 0K [0x00000000d9f80000, 0x00000000de380000, 0x0000000100000000)
  eden space 60416K, 0% used [0x00000000d9f80000,0x00000000d9f80000,0x00000000dda80000)
  from space 4608K, 0% used [0x00000000dda80000,0x00000000dda80000,0x00000000ddf00000)
  to   space 4608K, 0% used [0x00000000ddf00000,0x00000000ddf00000,0x00000000de380000)
 ParOldGen       total 79360K, used 3516K [0x000000008de00000, 0x0000000092b80000, 0x00000000d9f80000)
  object space 79360K, 4% used [0x000000008de00000,0x000000008e16f0c0,0x0000000092b80000)
 Metaspace       used 20354K, capacity 20546K, committed 20992K, reserved 1067008K
  class space    used 2592K, capacity 2687K, committed 2816K, reserved 1048576K
}

