# JRE version: Java(TM) SE Runtime Environment (8.0_152-b16) (build 1.8.0_152-b16)
# Java VM: Java HotSpot(TM) 64-Bit Server VM (25.152-b16 mixed mode linux-amd64 compressed oops)
Heap:
 PSYoungGen      total 34816K, used 7297K [0x00000000d9f80000, 0x00000000dc600000, 0x0000000100000000)
  eden space 30208K, 11% used [0x00000000d9f80000,0x00000000da308c10,0x00000000dbd00000)
  from space 4608K, 79% used [0x00000000dbd00000,0x00000000dc0979d0,0x00000000dc180000)
  to   space 4608K, 0% used [0x00000000dc180000,0x00000000dc180000,0x00000000dc600000)
 ParOldGen       total 79360K, used 4201K [0x000000008de00000, 0x0000000092b80000, 0x00000000d9f80000)
  object space 79360K, 5% used [0x000000008de00000,0x000000008e21a740,0x0000000092b80000)
 Metaspace       used 20492K, capacity 20854K, committed 20992K, reserved 1067008K
  class space    used 2629K, capacity 2753K, committed 2816K, reserved 1048576K
GC Heap History (8 events):
Event: 0.946 GC heap before
{Heap before GC invocations=1 (full 0):
 PSYoungGen      total 34816K, used 30208K [0x00000000d9f80000, 0x00000000dc600000, 0x0000000100000000)
  eden space 30208K, 100% used [0x00000000d9f80000,0x00000000dbd00000,0x00000000dbd00000)
  from space 4608K, 0% used [0x00000000dc180000,0x00000000dc180000,0x00000000dc600000)
  to   space 4608K, 0% used [0x00000000dbd00000,0x00000000dbd00000,0x00000000dc180000)
 ParOldGen       total 79360K, used 0K [0x000000008de00000, 0x0000000092b80000, 0x00000000d9f80000)
  object space 79360K, 0% used [0x000000008de00000,0x000000008de00000,0x0000000092b80000)
 Metaspace       used 13488K, capacity 13632K, committed 13952K, reserved 1060864K
  class space    used 1737K, capacity 1796K, committed 1920K, reserved 1048576K
Event: 0.955 GC heap after
Heap after GC invocations=1 (full 0):
 PSYoungGen      total 34816K, used 4591K [0x00000000d9f80000, 0x00000000dc600000, 0x0000000100000000)
  eden space 30208K, 0% used [0x00000000d9f80000,0x00000000d9f80000,0x00000000dbd00000)
  from space 4608K, 99% used [0x00000000dbd00000,0x00000000dc17be10,0x00000000dc180000)
  to   space 4608K, 0% used [0x00000000dc180000,0x00000000dc180000,0x00000000dc600000)
 ParOldGen       total 79360K, used 964K [0x000000008de00000, 0x0000000092b80000, 0x00000000d9f80000)
  object space 79360K, 1% used [0x000000008de00000,0x000000008def12e0,0x0000000092b80000)
 Metaspace       used 13488K, capacity 13632K, committed 13952K, reserved 1060864K
  class space    used 1737K, capacity 1796K, committed 1920K, reserved 1048576K
}
Event: 1.359 GC heap before
{Heap before GC invocations=2 (full 0):
 PSYoungGen      total 34816K, used 20444K [0x00000000d9f80000, 0x00000000dc600000, 0x0000000100000000)
  eden space 30208K, 52% used [0x00000000d9f80000,0x00000000daefb570,0x00000000dbd00000)
  from space 4608K, 99% used [0x00000000dbd00000,0x00000000dc17be10,0x00000000dc180000)
  to   space 4608K, 0% used [0x00000000dc180000,0x00000000dc180000,0x00000000dc600000)
 ParOldGen       total 79360K, used 964K [0x000000008de00000, 0x0000000092b80000, 0x00000000d9f80000)
  object space 79360K, 1% used [0x000000008de00000,0x000000008def12e0,0x0000000092b80000)
 Metaspace       used 16816K, capacity 17046K, committed 17152K, reserved 1064960K
  class space    used 2138K, capacity 2239K, committed 2304K, reserved 1048576K
Event: 1.366 GC heap after
Heap after GC invocations=2 (full 0):
 PSYoungGen      total 34816K, used 4305K [0x00000000d9f80000, 0x00000000dc600000, 0x0000000100000000)
  eden space 30208K, 0% used [0x00000000d9f80000,0x00000000d9f80000,0x00000000dbd00000)
  from space 4608K, 93% used [0x00000000dc180000,0x00000000dc5b4648,0x00000000dc600000)
  to   space 4608K, 0% used [0x00000000dbd00000,0x00000000dbd00000,0x00000000dc180000)
 ParOldGen       total 79360K, used 972K [0x000000008de00000, 0x0000000092b80000, 0x00000000d9f80000)
  object space 79360K, 1% used [0x000000008de00000,0x000000008def32e0,0x0000000092b80000)
 Metaspace       used 16816K, capacity 17046K, committed 17152K, reserved 1064960K
  class space    used 2138K, capacity 2239K, committed 2304K, reserved 1048576K
}
Event: 1.366 GC heap before
{Heap before GC invocations=3 (full 1):
 PSYoungGen      total 34816K, used 4305K [0x00000000d9f80000, 0x00000000dc600000, 0x0000000100000000)
  eden space 30208K, 0% used [0x00000000d9f80000,0x00000000d9f80000,0x00000000dbd00000)
  from space 4608K, 93% used [0x00000000dc180000,0x00000000dc5b4648,0x00000000dc600000)
  to   space 4608K, 0% used [0x00000000dbd00000,0x00000000dbd00000,0x00000000dc180000)
 ParOldGen       total 79360K, used 972K [0x000000008de00000, 0x0000000092b80000, 0x00000000d9f80000)
  object space 79360K, 1% used [0x000000008de00000,0x000000008def32e0,0x0000000092b80000)
 Metaspace       used 16816K, capacity 17046K, committed 17152K, reserved 1064960K
  class space    used 2138K, capacity 2239K, committed 2304K, reserved 1048576K
Event: 1.389 GC heap after
Heap after GC invocations=3 (full 1):
 PSYoungGen      total 34816K, used 0K [0x00000000d9f80000, 0x00000000dc600000, 0x0000000100000000)
  eden space 30208K, 0% used [0x00000000d9f80000,0x00000000d9f80000,0x00000000dbd00000)
  from space 4608K, 0% used [0x00000000dc180000,0x00000000dc180000,0x00000000dc600000)
  to   space 4608K, 0% used [0x00000000dbd00000,0x00000000dbd00000,0x00000000dc180000)
 ParOldGen       total 79360K, used 4193K [0x000000008de00000, 0x0000000092b80000, 0x00000000d9f80000)
  object space 79360K, 5% used [0x000000008de00000,0x000000008e218740,0x0000000092b80000)
 Metaspace       used 16816K, capacity 17046K, committed 17152K, reserved 1064960K
  class space    used 2138K, capacity 2239K, committed 2304K, reserved 1048576K
}
Event: 66.500 GC heap before
{Heap before GC invocations=4 (full 1):
 PSYoungGen      total 34816K, used 30208K [0x00000000d9f80000, 0x00000000dc600000, 0x0000000100000000)
  eden space 30208K, 100% used [0x00000000d9f80000,0x00000000dbd00000,0x00000000dbd00000)
  from space 4608K, 0% used [0x00000000dc180000,0x00000000dc180000,0x00000000dc600000)
  to   space 4608K, 0% used [0x00000000dbd00000,0x00000000dbd00000,0x00000000dc180000)
 ParOldGen       total 79360K, used 4193K [0x000000008de00000, 0x0000000092b80000, 0x00000000d9f80000)
  object space 79360K, 5% used [0x000000008de00000,0x000000008e218740,0x0000000092b80000)
 Metaspace       used 20441K, capacity 20854K, committed 20992K, reserved 1067008K
  class space    used 2628K, capacity 2753K, committed 2816K, reserved 1048576K
Event: 66.506 GC heap after
Heap after GC invocations=4 (full 1):
 PSYoungGen      total 34816K, used 3678K [0x00000000d9f80000, 0x00000000dc600000, 0x0000000100000000)
  eden space 30208K, 0% used [0x00000000d9f80000,0x00000000d9f80000,0x00000000dbd00000)
  from space 4608K, 79% used [0x00000000dbd00000,0x00000000dc0979d0,0x00000000dc180000)
  to   space 4608K, 0% used [0x00000000dc180000,0x00000000dc180000,0x00000000dc600000)
 ParOldGen       total 79360K, used 4201K [0x000000008de00000, 0x0000000092b80000, 0x00000000d9f80000)
  object space 79360K, 5% used [0x000000008de00000,0x000000008e21a740,0x0000000092b80000)
 Metaspace       used 20441K, capacity 20854K, committed 20992K, reserved 1067008K
  class space    used 2628K, capacity 2753K, committed 2816K, reserved 1048576K
}

