# JRE version: Java(TM) SE Runtime Environment (8.0_152-b16) (build 1.8.0_152-b16)
# Java VM: Java HotSpot(TM) 64-Bit Server VM (25.152-b16 mixed mode linux-amd64 compressed oops)
Heap:
 PSYoungGen      total 65024K, used 28556K [0x00000000d9f80000, 0x00000000de380000, 0x0000000100000000)
  eden space 60416K, 47% used [0x00000000d9f80000,0x00000000dbb63080,0x00000000dda80000)
  from space 4608K, 0% used [0x00000000ddf00000,0x00000000ddf00000,0x00000000de380000)
  to   space 4608K, 0% used [0x00000000dda80000,0x00000000dda80000,0x00000000ddf00000)
 ParOldGen       total 79360K, used 4212K [0x000000008de00000, 0x0000000092b80000, 0x00000000d9f80000)
  object space 79360K, 5% used [0x000000008de00000,0x000000008e21d1c8,0x0000000092b80000)
 Metaspace       used 19970K, capacity 20342K, committed 20480K, reserved 1067008K
  class space    used 2564K, capacity 2689K, committed 2816K, reserved 1048576K
GC Heap History (6 events):
Event: 0.755 GC heap before
{Heap before GC invocations=1 (full 0):
 PSYoungGen      total 34816K, used 30208K [0x00000000d9f80000, 0x00000000dc600000, 0x0000000100000000)
  eden space 30208K, 100% used [0x00000000d9f80000,0x00000000dbd00000,0x00000000dbd00000)
  from space 4608K, 0% used [0x00000000dc180000,0x00000000dc180000,0x00000000dc600000)
  to   space 4608K, 0% used [0x00000000dbd00000,0x00000000dbd00000,0x00000000dc180000)
 ParOldGen       total 79360K, used 0K [0x000000008de00000, 0x0000000092b80000, 0x00000000d9f80000)
  object space 79360K, 0% used [0x000000008de00000,0x000000008de00000,0x0000000092b80000)
 Metaspace       used 13495K, capacity 13632K, committed 13952K, reserved 1060864K
  class space    used 1737K, capacity 1796K, committed 1920K, reserved 1048576K
Event: 0.764 GC heap after
Heap after GC invocations=1 (full 0):
 PSYoungGen      total 34816K, used 4597K [0x00000000d9f80000, 0x00000000de380000, 0x0000000100000000)
  eden space 30208K, 0% used [0x00000000d9f80000,0x00000000d9f80000,0x00000000dbd00000)
  from space 4608K, 99% used [0x00000000dbd00000,0x00000000dc17d7c0,0x00000000dc180000)
  to   space 4608K, 0% used [0x00000000ddf00000,0x00000000ddf00000,0x00000000de380000)
 ParOldGen       total 79360K, used 1005K [0x000000008de00000, 0x0000000092b80000, 0x00000000d9f80000)
  object space 79360K, 1% used [0x000000008de00000,0x000000008defb6a8,0x0000000092b80000)
 Metaspace       used 13495K, capacity 13632K, committed 13952K, reserved 1060864K
  class space    used 1737K, capacity 1796K, committed 1920K, reserved 1048576K
}
Event: 1.211 GC heap before
{Heap before GC invocations=2 (full 0):
 PSYoungGen      total 34816K, used 20449K [0x00000000d9f80000, 0x00000000de380000, 0x0000000100000000)
  eden space 30208K, 52% used [0x00000000d9f80000,0x00000000daefaf58,0x00000000dbd00000)
  from space 4608K, 99% used [0x00000000dbd00000,0x00000000dc17d7c0,0x00000000dc180000)
  to   space 4608K, 0% used [0x00000000ddf00000,0x00000000ddf00000,0x00000000de380000)
 ParOldGen       total 79360K, used 1005K [0x000000008de00000, 0x0000000092b80000, 0x00000000d9f80000)
  object space 79360K, 1% used [0x000000008de00000,0x000000008defb6a8,0x0000000092b80000)
 Metaspace       used 16802K, capacity 17046K, committed 17152K, reserved 1064960K
  class space    used 2138K, capacity 2239K, committed 2304K, reserved 1048576K
Event: 1.218 GC heap after
Heap after GC invocations=2 (full 0):
 PSYoungGen      total 65024K, used 4333K [0x00000000d9f80000, 0x00000000de380000, 0x0000000100000000)
  eden space 60416K, 0% used [0x00000000d9f80000,0x00000000d9f80000,0x00000000dda80000)
  from space 4608K, 94% used [0x00000000ddf00000,0x00000000de33b638,0x00000000de380000)
  to   space 4608K, 0% used [0x00000000dda80000,0x00000000dda80000,0x00000000ddf00000)
 ParOldGen       total 79360K, used 1013K [0x000000008de00000, 0x0000000092b80000, 0x00000000d9f80000)
  object space 79360K, 1% used [0x000000008de00000,0x000000008defd6a8,0x0000000092b80000)
 Metaspace       used 16802K, capacity 17046K, committed 17152K, reserved 1064960K
  class space    used 2138K, capacity 2239K, committed 2304K, reserved 1048576K
}
Event: 1.218 GC heap before
{Heap before GC invocations=3 (full 1):
 PSYoungGen      total 65024K, used 4333K [0x00000000d9f80000, 0x00000000de380000, 0x0000000100000000)
  eden space 60416K, 0% used [0x00000000d9f80000,0x00000000d9f80000,0x00000000dda80000)
  from space 4608K, 94% used [0x00000000ddf00000,0x00000000de33b638,0x00000000de380000)
  to   space 4608K, 0% used [0x00000000dda80000,0x00000000dda80000,0x00000000ddf00000)
 ParOldGen       total 79360K, used 1013K [0x000000008de00000, 0x0000000092b80000, 0x00000000d9f80000)
  object space 79360K, 1% used [0x000000008de00000,0x000000008defd6a8,0x0000000092b80000)
 Metaspace       used 16802K, capacity 17046K, committed 17152K, reserved 1064960K
  class space    used 2138K, capacity 2239K, committed 2304K, reserved 1048576K
Event: 1.240 GC heap after
Heap after GC invocations=3 (full 1):
 PSYoungGen      total 65024K, used 0K [0x00000000d9f80000, 0x00000000de380000, 0x0000000100000000)
  eden space 60416K, 0% used [0x00000000d9f80000,0x00000000d9f80000,0x00000000dda80000)
  from space 4608K, 0% used [0x00000000ddf00000,0x00000000ddf00000,0x00000000de380000)
  to   space 4608K, 0% used [0x00000000dda80000,0x00000000dda80000,0x00000000ddf00000)
 ParOldGen       total 79360K, used 4212K [0x000000008de00000, 0x0000000092b80000, 0x00000000d9f80000)
  object space 79360K, 5% used [0x000000008de00000,0x000000008e21d1c8,0x0000000092b80000)
 Metaspace       used 16802K, capacity 17046K, committed 17152K, reserved 1064960K
  class space    used 2138K, capacity 2239K, committed 2304K, reserved 1048576K
}

