# JRE version: Java(TM) SE Runtime Environment (8.0_152-b16) (build 1.8.0_152-b16)
# Java VM: Java HotSpot(TM) 64-Bit Server VM (25.152-b16 mixed mode linux-amd64 compressed oops)
Heap:
 PSYoungGen      total 34816K, used 5523K [0x00000000d9f80000, 0x00000000dc600000, 0x0000000100000000)
  eden space 30208K, 18% used [0x00000000d9f80000,0x00000000da4e4ed0,0x00000000dbd00000)
  from space 4608K, 0% used [0x00000000dc180000,0x00000000dc180000,0x00000000dc600000)
  to   space 4608K, 0% used [0x00000000dbd00000,0x00000000dbd00000,0x00000000dc180000)
 ParOldGen       total 79360K, used 3724K [0x000000008de00000, 0x0000000092b80000, 0x00000000d9f80000)
  object space 79360K, 4% used [0x000000008de00000,0x000000008e1a3158,0x0000000092b80000)
 Metaspace       used 21309K, capacity 21646K, committed 22144K, reserved 1069056K
  class space    used 2682K, capacity 2795K, committed 2944K, reserved 1048576K
GC Heap History (10 events):
Event: 64802.318 GC heap before
{Heap before GC invocations=41 (full 19):
 PSYoungGen      total 34816K, used 128K [0x00000000d9f80000, 0x00000000dc600000, 0x0000000100000000)
  eden space 30208K, 0% used [0x00000000d9f80000,0x00000000d9f80000,0x00000000dbd00000)
  from space 4608K, 2% used [0x00000000dc180000,0x00000000dc1a0000,0x00000000dc600000)
  to   space 4608K, 0% used [0x00000000dbd00000,0x00000000dbd00000,0x00000000dc180000)
 ParOldGen       total 79360K, used 3724K [0x000000008de00000, 0x0000000092b80000, 0x00000000d9f80000)
  object space 79360K, 4% used [0x000000008de00000,0x000000008e1a3028,0x0000000092b80000)
 Metaspace       used 21127K, capacity 21400K, committed 22144K, reserved 1069056K
  class space    used 2660K, capacity 2754K, committed 2944K, reserved 1048576K
Event: 64802.347 GC heap after
Heap after GC invocations=41 (full 19):
 PSYoungGen      total 34816K, used 0K [0x00000000d9f80000, 0x00000000dc600000, 0x0000000100000000)
  eden space 30208K, 0% used [0x00000000d9f80000,0x00000000d9f80000,0x00000000dbd00000)
  from space 4608K, 0% used [0x00000000dc180000,0x00000000dc180000,0x00000000dc600000)
  to   space 4608K, 0% used [0x00000000dbd00000,0x00000000dbd00000,0x00000000dc180000)
 ParOldGen       total 79360K, used 3724K [0x000000008de00000, 0x0000000092b80000, 0x00000000d9f80000)
  object space 79360K, 4% used [0x000000008de00000,0x000000008e1a3028,0x0000000092b80000)
 Metaspace       used 21116K, capacity 21382K, committed 22144K, reserved 1069056K
  class space    used 2658K, capacity 2751K, committed 2944K, reserved 1048576K
}
Event: 68402.348 GC heap before
{Heap before GC invocations=42 (full 19):
 PSYoungGen      total 34816K, used 1764K [0x00000000d9f80000, 0x00000000dc600000, 0x0000000100000000)
  eden space 30208K, 5% used [0x00000000d9f80000,0x00000000da1391e0,0x00000000dbd00000)
  from space 4608K, 0% used [0x00000000dc180000,0x00000000dc180000,0x00000000dc600000)
  to   space 4608K, 0% used [0x00000000dbd00000,0x00000000dbd00000,0x00000000dc180000)
 ParOldGen       total 79360K, used 3724K [0x000000008de00000, 0x0000000092b80000, 0x00000000d9f80000)
  object space 79360K, 4% used [0x000000008de00000,0x000000008e1a3028,0x0000000092b80000)
 Metaspace       used 21129K, capacity 21400K, committed 22144K, reserved 1069056K
  class space    used 2660K, capacity 2754K, committed 2944K, reserved 1048576K
Event: 68402.354 GC heap after
Heap after GC invocations=42 (full 19):
 PSYoungGen      total 34816K, used 128K [0x00000000d9f80000, 0x00000000dc600000, 0x0000000100000000)
  eden space 30208K, 0% used [0x00000000d9f80000,0x00000000d9f80000,0x00000000dbd00000)
  from space 4608K, 2% used [0x00000000dbd00000,0x00000000dbd20000,0x00000000dc180000)
  to   space 4608K, 0% used [0x00000000dc180000,0x00000000dc180000,0x00000000dc600000)
 ParOldGen       total 79360K, used 3732K [0x000000008de00000, 0x0000000092b80000, 0x00000000d9f80000)
  object space 79360K, 4% used [0x000000008de00000,0x000000008e1a5028,0x0000000092b80000)
 Metaspace       used 21129K, capacity 21400K, committed 22144K, reserved 1069056K
  class space    used 2660K, capacity 2754K, committed 2944K, reserved 1048576K
}
Event: 68402.354 GC heap before
{Heap before GC invocations=43 (full 20):
 PSYoungGen      total 34816K, used 128K [0x00000000d9f80000, 0x00000000dc600000, 0x0000000100000000)
  eden space 30208K, 0% used [0x00000000d9f80000,0x00000000d9f80000,0x00000000dbd00000)
  from space 4608K, 2% used [0x00000000dbd00000,0x00000000dbd20000,0x00000000dc180000)
  to   space 4608K, 0% used [0x00000000dc180000,0x00000000dc180000,0x00000000dc600000)
 ParOldGen       total 79360K, used 3732K [0x000000008de00000, 0x0000000092b80000, 0x00000000d9f80000)
  object space 79360K, 4% used [0x000000008de00000,0x000000008e1a5028,0x0000000092b80000)
 Metaspace       used 21129K, capacity 21400K, committed 22144K, reserved 1069056K
  class space    used 2660K, capacity 2754K, committed 2944K, reserved 1048576K
Event: 68402.385 GC heap after
Heap after GC invocations=43 (full 20):
 PSYoungGen      total 34816K, used 0K [0x00000000d9f80000, 0x00000000dc600000, 0x0000000100000000)
  eden space 30208K, 0% used [0x00000000d9f80000,0x00000000d9f80000,0x00000000dbd00000)
  from space 4608K, 0% used [0x00000000dbd00000,0x00000000dbd00000,0x00000000dc180000)
  to   space 4608K, 0% used [0x00000000dc180000,0x00000000dc180000,0x00000000dc600000)
 ParOldGen       total 79360K, used 3724K [0x000000008de00000, 0x0000000092b80000, 0x00000000d9f80000)
  object space 79360K, 4% used [0x000000008de00000,0x000000008e1a3078,0x0000000092b80000)
 Metaspace       used 21117K, capacity 21382K, committed 22144K, reserved 1069056K
  class space    used 2658K, capacity 2751K, committed 2944K, reserved 1048576K
}
Event: 72002.386 GC heap before
{Heap before GC invocations=44 (full 20):
 PSYoungGen      total 34816K, used 1764K [0x00000000d9f80000, 0x00000000dc600000, 0x0000000100000000)
  eden space 30208K, 5% used [0x00000000d9f80000,0x00000000da1391c0,0x00000000dbd00000)
  from space 4608K, 0% used [0x00000000dbd00000,0x00000000dbd00000,0x00000000dc180000)
  to   space 4608K, 0% used [0x00000000dc180000,0x00000000dc180000,0x00000000dc600000)
 ParOldGen       total 79360K, used 3724K [0x000000008de00000, 0x0000000092b80000, 0x00000000d9f80000)
  object space 79360K, 4% used [0x000000008de00000,0x000000008e1a3078,0x0000000092b80000)
 Metaspace       used 21141K, capacity 21400K, committed 22144K, reserved 1069056K
  class space    used 2660K, capacity 2754K, committed 2944K, reserved 1048576K
Event: 72002.390 GC heap after
Heap after GC invocations=44 (full 20):
 PSYoungGen      total 34816K, used 160K [0x00000000d9f80000, 0x00000000dc600000, 0x0000000100000000)
  eden space 30208K, 0% used [0x00000000d9f80000,0x00000000d9f80000,0x00000000dbd00000)
  from space 4608K, 3% used [0x00000000dc180000,0x00000000dc1a8000,0x00000000dc600000)
  to   space 4608K, 0% used [0x00000000dbd00000,0x00000000dbd00000,0x00000000dc180000)
 ParOldGen       total 79360K, used 3732K [0x000000008de00000, 0x0000000092b80000, 0x00000000d9f80000)
  object space 79360K, 4% used [0x000000008de00000,0x000000008e1a5078,0x0000000092b80000)
 Metaspace       used 21141K, capacity 21400K, committed 22144K, reserved 1069056K
  class space    used 2660K, capacity 2754K, committed 2944K, reserved 1048576K
}
Event: 72002.390 GC heap before
{Heap before GC invocations=45 (full 21):
 PSYoungGen      total 34816K, used 160K [0x00000000d9f80000, 0x00000000dc600000, 0x0000000100000000)
  eden space 30208K, 0% used [0x00000000d9f80000,0x00000000d9f80000,0x00000000dbd00000)
  from space 4608K, 3% used [0x00000000dc180000,0x00000000dc1a8000,0x00000000dc600000)
  to   space 4608K, 0% used [0x00000000dbd00000,0x00000000dbd00000,0x00000000dc180000)
 ParOldGen       total 79360K, used 3732K [0x000000008de00000, 0x0000000092b80000, 0x00000000d9f80000)
  object space 79360K, 4% used [0x000000008de00000,0x000000008e1a5078,0x0000000092b80000)
 Metaspace       used 21141K, capacity 21400K, committed 22144K, reserved 1069056K
  class space    used 2660K, capacity 2754K, committed 2944K, reserved 1048576K
Event: 72002.417 GC heap after
Heap after GC invocations=45 (full 21):
 PSYoungGen      total 34816K, used 0K [0x00000000d9f80000, 0x00000000dc600000, 0x0000000100000000)
  eden space 30208K, 0% used [0x00000000d9f80000,0x00000000d9f80000,0x00000000dbd00000)
  from space 4608K, 0% used [0x00000000dc180000,0x00000000dc180000,0x00000000dc600000)
  to   space 4608K, 0% used [0x00000000dbd00000,0x00000000dbd00000,0x00000000dc180000)
 ParOldGen       total 79360K, used 3724K [0x000000008de00000, 0x0000000092b80000, 0x00000000d9f80000)
  object space 79360K, 4% used [0x000000008de00000,0x000000008e1a3158,0x0000000092b80000)
 Metaspace       used 21130K, capacity 21382K, committed 22144K, reserved 1069056K
  class space    used 2658K, capacity 2751K, committed 2944K, reserved 1048576K
}

