# JRE version: Java(TM) SE Runtime Environment (8.0_152-b16) (build 1.8.0_152-b16)
# Java VM: Java HotSpot(TM) 64-Bit Server VM (25.152-b16 mixed mode linux-amd64 compressed oops)
Heap:
 PSYoungGen      total 58880K, used 28370K [0x00000000d9f80000, 0x00000000dde80000, 0x0000000100000000)
  eden space 53248K, 53% used [0x00000000d9f80000,0x00000000dbb34818,0x00000000dd380000)
  from space 5632K, 0% used [0x00000000dd900000,0x00000000dd900000,0x00000000dde80000)
  to   space 5632K, 0% used [0x00000000dd380000,0x00000000dd380000,0x00000000dd900000)
 ParOldGen       total 79360K, used 3776K [0x000000008de00000, 0x0000000092b80000, 0x00000000d9f80000)
  object space 79360K, 4% used [0x000000008de00000,0x000000008e1b0220,0x0000000092b80000)
 Metaspace       used 21155K, capacity 21476K, committed 21760K, reserved 1069056K
  class space    used 2623K, capacity 2736K, committed 2816K, reserved 1048576K
GC Heap History (10 events):
Event: 14401.400 GC heap before
{Heap before GC invocations=16 (full 4):
 PSYoungGen      total 55296K, used 14802K [0x00000000d9f80000, 0x00000000de100000, 0x0000000100000000)
  eden space 54784K, 26% used [0x00000000d9f80000,0x00000000dadccb80,0x00000000dd500000)
  from space 512K, 31% used [0x00000000dd680000,0x00000000dd6a8000,0x00000000dd700000)
  to   space 6144K, 0% used [0x00000000ddb00000,0x00000000ddb00000,0x00000000de100000)
 ParOldGen       total 79360K, used 3740K [0x000000008de00000, 0x0000000092b80000, 0x00000000d9f80000)
  object space 79360K, 4% used [0x000000008de00000,0x000000008e1a73a0,0x0000000092b80000)
 Metaspace       used 21025K, capacity 21364K, committed 21760K, reserved 1069056K
  class space    used 2618K, capacity 2728K, committed 2816K, reserved 1048576K
Event: 14401.404 GC heap after
Heap after GC invocations=16 (full 4):
 PSYoungGen      total 60928K, used 128K [0x00000000d9f80000, 0x00000000de100000, 0x0000000100000000)
  eden space 54784K, 0% used [0x00000000d9f80000,0x00000000d9f80000,0x00000000dd500000)
  from space 6144K, 2% used [0x00000000ddb00000,0x00000000ddb20000,0x00000000de100000)
  to   space 6144K, 0% used [0x00000000dd500000,0x00000000dd500000,0x00000000ddb00000)
 ParOldGen       total 79360K, used 3748K [0x000000008de00000, 0x0000000092b80000, 0x00000000d9f80000)
  object space 79360K, 4% used [0x000000008de00000,0x000000008e1a93a0,0x0000000092b80000)
 Metaspace       used 21025K, capacity 21364K, committed 21760K, reserved 1069056K
  class space    used 2618K, capacity 2728K, committed 2816K, reserved 1048576K
}
Event: 14401.404 GC heap before
{Heap before GC invocations=17 (full 5):
 PSYoungGen      total 60928K, used 128K [0x00000000d9f80000, 0x00000000de100000, 0x0000000100000000)
  eden space 54784K, 0% used [0x00000000d9f80000,0x00000000d9f80000,0x00000000dd500000)
  from space 6144K, 2% used [0x00000000ddb00000,0x00000000ddb20000,0x00000000de100000)
  to   space 6144K, 0% used [0x00000000dd500000,0x00000000dd500000,0x00000000ddb00000)
 ParOldGen       total 79360K, used 3748K [0x000000008de00000, 0x0000000092b80000, 0x00000000d9f80000)
  object space 79360K, 4% used [0x000000008de00000,0x000000008e1a93a0,0x0000000092b80000)
 Metaspace       used 21025K, capacity 21364K, committed 21760K, reserved 1069056K
  class space    used 2618K, capacity 2728K, committed 2816K, reserved 1048576K
Event: 14401.436 GC heap after
Heap after GC invocations=17 (full 5):
 PSYoungGen      total 60928K, used 0K [0x00000000d9f80000, 0x00000000de100000, 0x0000000100000000)
  eden space 54784K, 0% used [0x00000000d9f80000,0x00000000d9f80000,0x00000000dd500000)
  from space 6144K, 0% used [0x00000000ddb00000,0x00000000ddb00000,0x00000000de100000)
  to   space 6144K, 0% used [0x00000000dd500000,0x00000000dd500000,0x00000000ddb00000)
 ParOldGen       total 79360K, used 3755K [0x000000008de00000, 0x0000000092b80000, 0x00000000d9f80000)
  object space 79360K, 4% used [0x000000008de00000,0x000000008e1aad88,0x0000000092b80000)
 Metaspace       used 21025K, capacity 21364K, committed 21760K, reserved 1069056K
  class space    used 2618K, capacity 2728K, committed 2816K, reserved 1048576K
}
Event: 16318.079 GC heap before
{Heap before GC invocations=18 (full 5):
 PSYoungGen      total 60928K, used 54784K [0x00000000d9f80000, 0x00000000de100000, 0x0000000100000000)
  eden space 54784K, 100% used [0x00000000d9f80000,0x00000000dd500000,0x00000000dd500000)
  from space 6144K, 0% used [0x00000000ddb00000,0x00000000ddb00000,0x00000000de100000)
  to   space 6144K, 0% used [0x00000000dd500000,0x00000000dd500000,0x00000000ddb00000)
 ParOldGen       total 79360K, used 3755K [0x000000008de00000, 0x0000000092b80000, 0x00000000d9f80000)
  object space 79360K, 4% used [0x000000008de00000,0x000000008e1aad88,0x0000000092b80000)
 Metaspace       used 21044K, capacity 21364K, committed 21760K, reserved 1069056K
  class space    used 2618K, capacity 2728K, committed 2816K, reserved 1048576K
Event: 16318.083 GC heap after
Heap after GC invocations=18 (full 5):
 PSYoungGen      total 53760K, used 160K [0x00000000d9f80000, 0x00000000dde80000, 0x0000000100000000)
  eden space 53248K, 0% used [0x00000000d9f80000,0x00000000d9f80000,0x00000000dd380000)
  from space 512K, 31% used [0x00000000dd500000,0x00000000dd528000,0x00000000dd580000)
  to   space 5632K, 0% used [0x00000000dd900000,0x00000000dd900000,0x00000000dde80000)
 ParOldGen       total 79360K, used 3763K [0x000000008de00000, 0x0000000092b80000, 0x00000000d9f80000)
  object space 79360K, 4% used [0x000000008de00000,0x000000008e1acd88,0x0000000092b80000)
 Metaspace       used 21044K, capacity 21364K, committed 21760K, reserved 1069056K
  class space    used 2618K, capacity 2728K, committed 2816K, reserved 1048576K
}
Event: 18001.437 GC heap before
{Heap before GC invocations=19 (full 5):
 PSYoungGen      total 53760K, used 46048K [0x00000000d9f80000, 0x00000000dde80000, 0x0000000100000000)
  eden space 53248K, 86% used [0x00000000d9f80000,0x00000000dcc501d8,0x00000000dd380000)
  from space 512K, 31% used [0x00000000dd500000,0x00000000dd528000,0x00000000dd580000)
  to   space 5632K, 0% used [0x00000000dd900000,0x00000000dd900000,0x00000000dde80000)
 ParOldGen       total 79360K, used 3763K [0x000000008de00000, 0x0000000092b80000, 0x00000000d9f80000)
  object space 79360K, 4% used [0x000000008de00000,0x000000008e1acd88,0x0000000092b80000)
 Metaspace       used 21089K, capacity 21428K, committed 21760K, reserved 1069056K
  class space    used 2618K, capacity 2728K, committed 2816K, reserved 1048576K
Event: 18001.441 GC heap after
Heap after GC invocations=19 (full 5):
 PSYoungGen      total 58880K, used 64K [0x00000000d9f80000, 0x00000000dde80000, 0x0000000100000000)
  eden space 53248K, 0% used [0x00000000d9f80000,0x00000000d9f80000,0x00000000dd380000)
  from space 5632K, 1% used [0x00000000dd900000,0x00000000dd910000,0x00000000dde80000)
  to   space 5632K, 0% used [0x00000000dd380000,0x00000000dd380000,0x00000000dd900000)
 ParOldGen       total 79360K, used 3779K [0x000000008de00000, 0x0000000092b80000, 0x00000000d9f80000)
  object space 79360K, 4% used [0x000000008de00000,0x000000008e1b0d88,0x0000000092b80000)
 Metaspace       used 21089K, capacity 21428K, committed 21760K, reserved 1069056K
  class space    used 2618K, capacity 2728K, committed 2816K, reserved 1048576K
}
Event: 18001.441 GC heap before
{Heap before GC invocations=20 (full 6):
 PSYoungGen      total 58880K, used 64K [0x00000000d9f80000, 0x00000000dde80000, 0x0000000100000000)
  eden space 53248K, 0% used [0x00000000d9f80000,0x00000000d9f80000,0x00000000dd380000)
  from space 5632K, 1% used [0x00000000dd900000,0x00000000dd910000,0x00000000dde80000)
  to   space 5632K, 0% used [0x00000000dd380000,0x00000000dd380000,0x00000000dd900000)
 ParOldGen       total 79360K, used 3779K [0x000000008de00000, 0x0000000092b80000, 0x00000000d9f80000)
  object space 79360K, 4% used [0x000000008de00000,0x000000008e1b0d88,0x0000000092b80000)
 Metaspace       used 21089K, capacity 21428K, committed 21760K, reserved 1069056K
  class space    used 2618K, capacity 2728K, committed 2816K, reserved 1048576K
Event: 18001.473 GC heap after
Heap after GC invocations=20 (full 6):
 PSYoungGen      total 58880K, used 0K [0x00000000d9f80000, 0x00000000dde80000, 0x0000000100000000)
  eden space 53248K, 0% used [0x00000000d9f80000,0x00000000d9f80000,0x00000000dd380000)
  from space 5632K, 0% used [0x00000000dd900000,0x00000000dd900000,0x00000000dde80000)
  to   space 5632K, 0% used [0x00000000dd380000,0x00000000dd380000,0x00000000dd900000)
 ParOldGen       total 79360K, used 3776K [0x000000008de00000, 0x0000000092b80000, 0x00000000d9f80000)
  object space 79360K, 4% used [0x000000008de00000,0x000000008e1b0220,0x0000000092b80000)
 Metaspace       used 21089K, capacity 21428K, committed 21760K, reserved 1069056K
  class space    used 2618K, capacity 2728K, committed 2816K, reserved 1048576K
}

