# JRE version: Java(TM) SE Runtime Environment (8.0_152-b16) (build 1.8.0_152-b16)
# Java VM: Java HotSpot(TM) 64-Bit Server VM (25.152-b16 mixed mode linux-amd64 compressed oops)
Heap:
 PSYoungGen      total 34816K, used 1479K [0x00000000d9f80000, 0x00000000dc600000, 0x0000000100000000)
  eden space 30208K, 4% used [0x00000000d9f80000,0x00000000da0f1c50,0x00000000dbd00000)
  from space 4608K, 0% used [0x00000000dc180000,0x00000000dc180000,0x00000000dc600000)
  to   space 4608K, 0% used [0x00000000dbd00000,0x00000000dbd00000,0x00000000dc180000)
 ParOldGen       total 79360K, used 3311K [0x000000008de00000, 0x0000000092b80000, 0x00000000d9f80000)
  object space 79360K, 4% used [0x000000008de00000,0x000000008e13bce0,0x0000000092b80000)
 Metaspace       used 19505K, capacity 19822K, committed 20096K, reserved 1067008K
  class space    used 2481K, capacity 2593K, committed 2688K, reserved 1048576K
GC Heap History (10 events):
Event: 44141.879 GC heap before
{Heap before GC invocations=27 (full 13):
 PSYoungGen      total 34816K, used 160K [0x00000000d9f80000, 0x00000000dc600000, 0x0000000100000000)
  eden space 30208K, 0% used [0x00000000d9f80000,0x00000000d9f80000,0x00000000dbd00000)
  from space 4608K, 3% used [0x00000000dc180000,0x00000000dc1a8000,0x00000000dc600000)
  to   space 4608K, 0% used [0x00000000dbd00000,0x00000000dbd00000,0x00000000dc180000)
 ParOldGen       total 79360K, used 3318K [0x000000008de00000, 0x0000000092b80000, 0x00000000d9f80000)
  object space 79360K, 4% used [0x000000008de00000,0x000000008e13d9a8,0x0000000092b80000)
 Metaspace       used 19499K, capacity 19758K, committed 20096K, reserved 1067008K
  class space    used 2481K, capacity 2593K, committed 2688K, reserved 1048576K
Event: 44141.927 GC heap after
Heap after GC invocations=27 (full 13):
 PSYoungGen      total 34816K, used 0K [0x00000000d9f80000, 0x00000000dc600000, 0x0000000100000000)
  eden space 30208K, 0% used [0x00000000d9f80000,0x00000000d9f80000,0x00000000dbd00000)
  from space 4608K, 0% used [0x00000000dc180000,0x00000000dc180000,0x00000000dc600000)
  to   space 4608K, 0% used [0x00000000dbd00000,0x00000000dbd00000,0x00000000dc180000)
 ParOldGen       total 79360K, used 3311K [0x000000008de00000, 0x0000000092b80000, 0x00000000d9f80000)
  object space 79360K, 4% used [0x000000008de00000,0x000000008e13bce0,0x0000000092b80000)
 Metaspace       used 19487K, capacity 19740K, committed 20096K, reserved 1067008K
  class space    used 2479K, capacity 2590K, committed 2688K, reserved 1048576K
}
Event: 47741.928 GC heap before
{Heap before GC invocations=28 (full 13):
 PSYoungGen      total 34816K, used 1199K [0x00000000d9f80000, 0x00000000dc600000, 0x0000000100000000)
  eden space 30208K, 3% used [0x00000000d9f80000,0x00000000da0abd98,0x00000000dbd00000)
  from space 4608K, 0% used [0x00000000dc180000,0x00000000dc180000,0x00000000dc600000)
  to   space 4608K, 0% used [0x00000000dbd00000,0x00000000dbd00000,0x00000000dc180000)
 ParOldGen       total 79360K, used 3311K [0x000000008de00000, 0x0000000092b80000, 0x00000000d9f80000)
  object space 79360K, 4% used [0x000000008de00000,0x000000008e13bce0,0x0000000092b80000)
 Metaspace       used 19504K, capacity 19822K, committed 20096K, reserved 1067008K
  class space    used 2481K, capacity 2593K, committed 2688K, reserved 1048576K
Event: 47741.935 GC heap after
Heap after GC invocations=28 (full 13):
 PSYoungGen      total 34816K, used 128K [0x00000000d9f80000, 0x00000000dc600000, 0x0000000100000000)
  eden space 30208K, 0% used [0x00000000d9f80000,0x00000000d9f80000,0x00000000dbd00000)
  from space 4608K, 2% used [0x00000000dbd00000,0x00000000dbd20000,0x00000000dc180000)
  to   space 4608K, 0% used [0x00000000dc180000,0x00000000dc180000,0x00000000dc600000)
 ParOldGen       total 79360K, used 3311K [0x000000008de00000, 0x0000000092b80000, 0x00000000d9f80000)
  object space 79360K, 4% used [0x000000008de00000,0x000000008e13bce0,0x0000000092b80000)
 Metaspace       used 19504K, capacity 19822K, committed 20096K, reserved 1067008K
  class space    used 2481K, capacity 2593K, committed 2688K, reserved 1048576K
}
Event: 47741.935 GC heap before
{Heap before GC invocations=29 (full 14):
 PSYoungGen      total 34816K, used 128K [0x00000000d9f80000, 0x00000000dc600000, 0x0000000100000000)
  eden space 30208K, 0% used [0x00000000d9f80000,0x00000000d9f80000,0x00000000dbd00000)
  from space 4608K, 2% used [0x00000000dbd00000,0x00000000dbd20000,0x00000000dc180000)
  to   space 4608K, 0% used [0x00000000dc180000,0x00000000dc180000,0x00000000dc600000)
 ParOldGen       total 79360K, used 3311K [0x000000008de00000, 0x0000000092b80000, 0x00000000d9f80000)
  object space 79360K, 4% used [0x000000008de00000,0x000000008e13bce0,0x0000000092b80000)
 Metaspace       used 19504K, capacity 19822K, committed 20096K, reserved 1067008K
  class space    used 2481K, capacity 2593K, committed 2688K, reserved 1048576K
Event: 47741.985 GC heap after
Heap after GC invocations=29 (full 14):
 PSYoungGen      total 34816K, used 0K [0x00000000d9f80000, 0x00000000dc600000, 0x0000000100000000)
  eden space 30208K, 0% used [0x00000000d9f80000,0x00000000d9f80000,0x00000000dbd00000)
  from space 4608K, 0% used [0x00000000dbd00000,0x00000000dbd00000,0x00000000dc180000)
  to   space 4608K, 0% used [0x00000000dc180000,0x00000000dc180000,0x00000000dc600000)
 ParOldGen       total 79360K, used 3311K [0x000000008de00000, 0x0000000092b80000, 0x00000000d9f80000)
  object space 79360K, 4% used [0x000000008de00000,0x000000008e13bce0,0x0000000092b80000)
 Metaspace       used 19492K, capacity 19804K, committed 20096K, reserved 1067008K
  class space    used 2479K, capacity 2590K, committed 2688K, reserved 1048576K
}
Event: 51341.987 GC heap before
{Heap before GC invocations=30 (full 14):
 PSYoungGen      total 34816K, used 1199K [0x00000000d9f80000, 0x00000000dc600000, 0x0000000100000000)
  eden space 30208K, 3% used [0x00000000d9f80000,0x00000000da0abd80,0x00000000dbd00000)
  from space 4608K, 0% used [0x00000000dbd00000,0x00000000dbd00000,0x00000000dc180000)
  to   space 4608K, 0% used [0x00000000dc180000,0x00000000dc180000,0x00000000dc600000)
 ParOldGen       total 79360K, used 3311K [0x000000008de00000, 0x0000000092b80000, 0x00000000d9f80000)
  object space 79360K, 4% used [0x000000008de00000,0x000000008e13bce0,0x0000000092b80000)
 Metaspace       used 19504K, capacity 19822K, committed 20096K, reserved 1067008K
  class space    used 2481K, capacity 2593K, committed 2688K, reserved 1048576K
Event: 51341.993 GC heap after
Heap after GC invocations=30 (full 14):
 PSYoungGen      total 34816K, used 128K [0x00000000d9f80000, 0x00000000dc600000, 0x0000000100000000)
  eden space 30208K, 0% used [0x00000000d9f80000,0x00000000d9f80000,0x00000000dbd00000)
  from space 4608K, 2% used [0x00000000dc180000,0x00000000dc1a0000,0x00000000dc600000)
  to   space 4608K, 0% used [0x00000000dbd00000,0x00000000dbd00000,0x00000000dc180000)
 ParOldGen       total 79360K, used 3311K [0x000000008de00000, 0x0000000092b80000, 0x00000000d9f80000)
  object space 79360K, 4% used [0x000000008de00000,0x000000008e13bce0,0x0000000092b80000)
 Metaspace       used 19504K, capacity 19822K, committed 20096K, reserved 1067008K
  class space    used 2481K, capacity 2593K, committed 2688K, reserved 1048576K
}
Event: 51341.993 GC heap before
{Heap before GC invocations=31 (full 15):
 PSYoungGen      total 34816K, used 128K [0x00000000d9f80000, 0x00000000dc600000, 0x0000000100000000)
  eden space 30208K, 0% used [0x00000000d9f80000,0x00000000d9f80000,0x00000000dbd00000)
  from space 4608K, 2% used [0x00000000dc180000,0x00000000dc1a0000,0x00000000dc600000)
  to   space 4608K, 0% used [0x00000000dbd00000,0x00000000dbd00000,0x00000000dc180000)
 ParOldGen       total 79360K, used 3311K [0x000000008de00000, 0x0000000092b80000, 0x00000000d9f80000)
  object space 79360K, 4% used [0x000000008de00000,0x000000008e13bce0,0x0000000092b80000)
 Metaspace       used 19504K, capacity 19822K, committed 20096K, reserved 1067008K
  class space    used 2481K, capacity 2593K, committed 2688K, reserved 1048576K
Event: 51342.039 GC heap after
Heap after GC invocations=31 (full 15):
 PSYoungGen      total 34816K, used 0K [0x00000000d9f80000, 0x00000000dc600000, 0x0000000100000000)
  eden space 30208K, 0% used [0x00000000d9f80000,0x00000000d9f80000,0x00000000dbd00000)
  from space 4608K, 0% used [0x00000000dc180000,0x00000000dc180000,0x00000000dc600000)
  to   space 4608K, 0% used [0x00000000dbd00000,0x00000000dbd00000,0x00000000dc180000)
 ParOldGen       total 79360K, used 3311K [0x000000008de00000, 0x0000000092b80000, 0x00000000d9f80000)
  object space 79360K, 4% used [0x000000008de00000,0x000000008e13bce0,0x0000000092b80000)
 Metaspace       used 19492K, capacity 19804K, committed 20096K, reserved 1067008K
  class space    used 2479K, capacity 2590K, committed 2688K, reserved 1048576K
}

