# JRE version: Java(TM) SE Runtime Environment (8.0_152-b16) (build 1.8.0_152-b16)
# Java VM: Java HotSpot(TM) 64-Bit Server VM (25.152-b16 mixed mode linux-amd64 compressed oops)
Heap:
 PSYoungGen      total 65024K, used 50262K [0x00000000d9f80000, 0x00000000de380000, 0x0000000100000000)
  eden space 60416K, 76% used [0x00000000d9f80000,0x00000000dccec798,0x00000000dda80000)
  from space 4608K, 81% used [0x00000000dda80000,0x00000000dde29418,0x00000000ddf00000)
  to   space 4608K, 0% used [0x00000000ddf00000,0x00000000ddf00000,0x00000000de380000)
 ParOldGen       total 79360K, used 4220K [0x000000008de00000, 0x0000000092b80000, 0x00000000d9f80000)
  object space 79360K, 5% used [0x000000008de00000,0x000000008e21f008,0x0000000092b80000)
 Metaspace       used 20768K, capacity 21122K, committed 21248K, reserved 1067008K
  class space    used 2630K, capacity 2755K, committed 2816K, reserved 1048576K
GC Heap History (8 events):
Event: 0.852 GC heap before
{Heap before GC invocations=1 (full 0):
 PSYoungGen      total 34816K, used 30208K [0x00000000d9f80000, 0x00000000dc600000, 0x0000000100000000)
  eden space 30208K, 100% used [0x00000000d9f80000,0x00000000dbd00000,0x00000000dbd00000)
  from space 4608K, 0% used [0x00000000dc180000,0x00000000dc180000,0x00000000dc600000)
  to   space 4608K, 0% used [0x00000000dbd00000,0x00000000dbd00000,0x00000000dc180000)
 ParOldGen       total 79360K, used 0K [0x000000008de00000, 0x0000000092b80000, 0x00000000d9f80000)
  object space 79360K, 0% used [0x000000008de00000,0x000000008de00000,0x0000000092b80000)
 Metaspace       used 13488K, capacity 13632K, committed 13952K, reserved 1060864K
  class space    used 1737K, capacity 1796K, committed 1920K, reserved 1048576K
Event: 0.862 GC heap after
Heap after GC invocations=1 (full 0):
 PSYoungGen      total 34816K, used 4601K [0x00000000d9f80000, 0x00000000de380000, 0x0000000100000000)
  eden space 30208K, 0% used [0x00000000d9f80000,0x00000000d9f80000,0x00000000dbd00000)
  from space 4608K, 99% used [0x00000000dbd00000,0x00000000dc17e500,0x00000000dc180000)
  to   space 4608K, 0% used [0x00000000ddf00000,0x00000000ddf00000,0x00000000de380000)
 ParOldGen       total 79360K, used 1004K [0x000000008de00000, 0x0000000092b80000, 0x00000000d9f80000)
  object space 79360K, 1% used [0x000000008de00000,0x000000008defb198,0x0000000092b80000)
 Metaspace       used 13488K, capacity 13632K, committed 13952K, reserved 1060864K
  class space    used 1737K, capacity 1796K, committed 1920K, reserved 1048576K
}
Event: 1.359 GC heap before
{Heap before GC invocations=2 (full 0):
 PSYoungGen      total 34816K, used 20469K [0x00000000d9f80000, 0x00000000de380000, 0x0000000100000000)
  eden space 30208K, 52% used [0x00000000d9f80000,0x00000000daeff2e0,0x00000000dbd00000)
  from space 4608K, 99% used [0x00000000dbd00000,0x00000000dc17e500,0x00000000dc180000)
  to   space 4608K, 0% used [0x00000000ddf00000,0x00000000ddf00000,0x00000000de380000)
 ParOldGen       total 79360K, used 1004K [0x000000008de00000, 0x0000000092b80000, 0x00000000d9f80000)
  object space 79360K, 1% used [0x000000008de00000,0x000000008defb198,0x0000000092b80000)
 Metaspace       used 16817K, capacity 17046K, committed 17152K, reserved 1064960K
  class space    used 2138K, capacity 2239K, committed 2304K, reserved 1048576K
Event: 1.365 GC heap after
Heap after GC invocations=2 (full 0):
 PSYoungGen      total 65024K, used 4305K [0x00000000d9f80000, 0x00000000de380000, 0x0000000100000000)
  eden space 60416K, 0% used [0x00000000d9f80000,0x00000000d9f80000,0x00000000dda80000)
  from space 4608K, 93% used [0x00000000ddf00000,0x00000000de334648,0x00000000de380000)
  to   space 4608K, 0% used [0x00000000dda80000,0x00000000dda80000,0x00000000ddf00000)
 ParOldGen       total 79360K, used 1012K [0x000000008de00000, 0x0000000092b80000, 0x00000000d9f80000)
  object space 79360K, 1% used [0x000000008de00000,0x000000008defd198,0x0000000092b80000)
 Metaspace       used 16817K, capacity 17046K, committed 17152K, reserved 1064960K
  class space    used 2138K, capacity 2239K, committed 2304K, reserved 1048576K
}
Event: 1.366 GC heap before
{Heap before GC invocations=3 (full 1):
 PSYoungGen      total 65024K, used 4305K [0x00000000d9f80000, 0x00000000de380000, 0x0000000100000000)
  eden space 60416K, 0% used [0x00000000d9f80000,0x00000000d9f80000,0x00000000dda80000)
  from space 4608K, 93% used [0x00000000ddf00000,0x00000000de334648,0x00000000de380000)
  to   space 4608K, 0% used [0x00000000dda80000,0x00000000dda80000,0x00000000ddf00000)
 ParOldGen       total 79360K, used 1012K [0x000000008de00000, 0x0000000092b80000, 0x00000000d9f80000)
  object space 79360K, 1% used [0x000000008de00000,0x000000008defd198,0x0000000092b80000)
 Metaspace       used 16817K, capacity 17046K, committed 17152K, reserved 1064960K
  class space    used 2138K, capacity 2239K, committed 2304K, reserved 1048576K
Event: 1.389 GC heap after
Heap after GC invocations=3 (full 1):
 PSYoungGen      total 65024K, used 0K [0x00000000d9f80000, 0x00000000de380000, 0x0000000100000000)
  eden space 60416K, 0% used [0x00000000d9f80000,0x00000000d9f80000,0x00000000dda80000)
  from space 4608K, 0% used [0x00000000ddf00000,0x00000000ddf00000,0x00000000de380000)
  to   space 4608K, 0% used [0x00000000dda80000,0x00000000dda80000,0x00000000ddf00000)
 ParOldGen       total 79360K, used 4212K [0x000000008de00000, 0x0000000092b80000, 0x00000000d9f80000)
  object space 79360K, 5% used [0x000000008de00000,0x000000008e21d008,0x0000000092b80000)
 Metaspace       used 16817K, capacity 17046K, committed 17152K, reserved 1064960K
  class space    used 2138K, capacity 2239K, committed 2304K, reserved 1048576K
}
Event: 779.406 GC heap before
{Heap before GC invocations=4 (full 1):
 PSYoungGen      total 65024K, used 60416K [0x00000000d9f80000, 0x00000000de380000, 0x0000000100000000)
  eden space 60416K, 100% used [0x00000000d9f80000,0x00000000dda80000,0x00000000dda80000)
  from space 4608K, 0% used [0x00000000ddf00000,0x00000000ddf00000,0x00000000de380000)
  to   space 4608K, 0% used [0x00000000dda80000,0x00000000dda80000,0x00000000ddf00000)
 ParOldGen       total 79360K, used 4212K [0x000000008de00000, 0x0000000092b80000, 0x00000000d9f80000)
  object space 79360K, 5% used [0x000000008de00000,0x000000008e21d008,0x0000000092b80000)
 Metaspace       used 20540K, capacity 20918K, committed 20992K, reserved 1067008K
  class space    used 2628K, capacity 2753K, committed 2816K, reserved 1048576K
Event: 779.419 GC heap after
Heap after GC invocations=4 (full 1):
 PSYoungGen      total 65024K, used 3749K [0x00000000d9f80000, 0x00000000de380000, 0x0000000100000000)
  eden space 60416K, 0% used [0x00000000d9f80000,0x00000000d9f80000,0x00000000dda80000)
  from space 4608K, 81% used [0x00000000dda80000,0x00000000dde29418,0x00000000ddf00000)
  to   space 4608K, 0% used [0x00000000ddf00000,0x00000000ddf00000,0x00000000de380000)
 ParOldGen       total 79360K, used 4220K [0x000000008de00000, 0x0000000092b80000, 0x00000000d9f80000)
  object space 79360K, 5% used [0x000000008de00000,0x000000008e21f008,0x0000000092b80000)
 Metaspace       used 20540K, capacity 20918K, committed 20992K, reserved 1067008K
  class space    used 2628K, capacity 2753K, committed 2816K, reserved 1048576K
}

