# JRE version: Java(TM) SE Runtime Environment (8.0_152-b16) (build 1.8.0_152-b16)
# Java VM: Java HotSpot(TM) 64-Bit Server VM (25.152-b16 mixed mode linux-amd64 compressed oops)
Heap:
 PSYoungGen      total 34816K, used 1509K [0x00000000d9f80000, 0x00000000dc600000, 0x0000000100000000)
  eden space 30208K, 4% used [0x00000000d9f80000,0x00000000da0f9460,0x00000000dbd00000)
  from space 4608K, 0% used [0x00000000dbd00000,0x00000000dbd00000,0x00000000dc180000)
  to   space 4608K, 0% used [0x00000000dc180000,0x00000000dc180000,0x00000000dc600000)
 ParOldGen       total 79360K, used 3398K [0x000000008de00000, 0x0000000092b80000, 0x00000000d9f80000)
  object space 79360K, 4% used [0x000000008de00000,0x000000008e151bd0,0x0000000092b80000)
 Metaspace       used 19516K, capacity 19726K, committed 20096K, reserved 1067008K
  class space    used 2490K, capacity 2561K, committed 2688K, reserved 1048576K
GC Heap History (10 events):
Event: 18002.230 GC heap before
{Heap before GC invocations=13 (full 6):
 PSYoungGen      total 34816K, used 96K [0x00000000d9f80000, 0x00000000dc600000, 0x0000000100000000)
  eden space 30208K, 0% used [0x00000000d9f80000,0x00000000d9f80000,0x00000000dbd00000)
  from space 4608K, 2% used [0x00000000dbd00000,0x00000000dbd18000,0x00000000dc180000)
  to   space 4608K, 0% used [0x00000000dc180000,0x00000000dc180000,0x00000000dc600000)
 ParOldGen       total 79360K, used 3401K [0x000000008de00000, 0x0000000092b80000, 0x00000000d9f80000)
  object space 79360K, 4% used [0x000000008de00000,0x000000008e152620,0x0000000092b80000)
 Metaspace       used 19474K, capacity 19662K, committed 20096K, reserved 1067008K
  class space    used 2490K, capacity 2561K, committed 2688K, reserved 1048576K
Event: 18002.244 GC heap after
Heap after GC invocations=13 (full 6):
 PSYoungGen      total 34816K, used 0K [0x00000000d9f80000, 0x00000000dc600000, 0x0000000100000000)
  eden space 30208K, 0% used [0x00000000d9f80000,0x00000000d9f80000,0x00000000dbd00000)
  from space 4608K, 0% used [0x00000000dbd00000,0x00000000dbd00000,0x00000000dc180000)
  to   space 4608K, 0% used [0x00000000dc180000,0x00000000dc180000,0x00000000dc600000)
 ParOldGen       total 79360K, used 3393K [0x000000008de00000, 0x0000000092b80000, 0x00000000d9f80000)
  object space 79360K, 4% used [0x000000008de00000,0x000000008e150798,0x0000000092b80000)
 Metaspace       used 19463K, capacity 19644K, committed 20096K, reserved 1067008K
  class space    used 2489K, capacity 2558K, committed 2688K, reserved 1048576K
}
Event: 21602.245 GC heap before
{Heap before GC invocations=14 (full 6):
 PSYoungGen      total 34816K, used 1230K [0x00000000d9f80000, 0x00000000dc600000, 0x0000000100000000)
  eden space 30208K, 4% used [0x00000000d9f80000,0x00000000da0b3888,0x00000000dbd00000)
  from space 4608K, 0% used [0x00000000dbd00000,0x00000000dbd00000,0x00000000dc180000)
  to   space 4608K, 0% used [0x00000000dc180000,0x00000000dc180000,0x00000000dc600000)
 ParOldGen       total 79360K, used 3393K [0x000000008de00000, 0x0000000092b80000, 0x00000000d9f80000)
  object space 79360K, 4% used [0x000000008de00000,0x000000008e150798,0x0000000092b80000)
 Metaspace       used 19500K, capacity 19726K, committed 20096K, reserved 1067008K
  class space    used 2490K, capacity 2561K, committed 2688K, reserved 1048576K
Event: 21602.247 GC heap after
Heap after GC invocations=14 (full 6):
 PSYoungGen      total 34816K, used 128K [0x00000000d9f80000, 0x00000000dc600000, 0x0000000100000000)
  eden space 30208K, 0% used [0x00000000d9f80000,0x00000000d9f80000,0x00000000dbd00000)
  from space 4608K, 2% used [0x00000000dc180000,0x00000000dc1a0000,0x00000000dc600000)
  to   space 4608K, 0% used [0x00000000dbd00000,0x00000000dbd00000,0x00000000dc180000)
 ParOldGen       total 79360K, used 3401K [0x000000008de00000, 0x0000000092b80000, 0x00000000d9f80000)
  object space 79360K, 4% used [0x000000008de00000,0x000000008e152798,0x0000000092b80000)
 Metaspace       used 19500K, capacity 19726K, committed 20096K, reserved 1067008K
  class space    used 2490K, capacity 2561K, committed 2688K, reserved 1048576K
}
Event: 21602.247 GC heap before
{Heap before GC invocations=15 (full 7):
 PSYoungGen      total 34816K, used 128K [0x00000000d9f80000, 0x00000000dc600000, 0x0000000100000000)
  eden space 30208K, 0% used [0x00000000d9f80000,0x00000000d9f80000,0x00000000dbd00000)
  from space 4608K, 2% used [0x00000000dc180000,0x00000000dc1a0000,0x00000000dc600000)
  to   space 4608K, 0% used [0x00000000dbd00000,0x00000000dbd00000,0x00000000dc180000)
 ParOldGen       total 79360K, used 3401K [0x000000008de00000, 0x0000000092b80000, 0x00000000d9f80000)
  object space 79360K, 4% used [0x000000008de00000,0x000000008e152798,0x0000000092b80000)
 Metaspace       used 19500K, capacity 19726K, committed 20096K, reserved 1067008K
  class space    used 2490K, capacity 2561K, committed 2688K, reserved 1048576K
Event: 21602.263 GC heap after
Heap after GC invocations=15 (full 7):
 PSYoungGen      total 34816K, used 0K [0x00000000d9f80000, 0x00000000dc600000, 0x0000000100000000)
  eden space 30208K, 0% used [0x00000000d9f80000,0x00000000d9f80000,0x00000000dbd00000)
  from space 4608K, 0% used [0x00000000dc180000,0x00000000dc180000,0x00000000dc600000)
  to   space 4608K, 0% used [0x00000000dbd00000,0x00000000dbd00000,0x00000000dc180000)
 ParOldGen       total 79360K, used 3396K [0x000000008de00000, 0x0000000092b80000, 0x00000000d9f80000)
  object space 79360K, 4% used [0x000000008de00000,0x000000008e1512e0,0x0000000092b80000)
 Metaspace       used 19489K, capacity 19708K, committed 20096K, reserved 1067008K
  class space    used 2489K, capacity 2558K, committed 2688K, reserved 1048576K
}
Event: 25202.263 GC heap before
{Heap before GC invocations=16 (full 7):
 PSYoungGen      total 34816K, used 1368K [0x00000000d9f80000, 0x00000000dc600000, 0x0000000100000000)
  eden space 30208K, 4% used [0x00000000d9f80000,0x00000000da0d6298,0x00000000dbd00000)
  from space 4608K, 0% used [0x00000000dc180000,0x00000000dc180000,0x00000000dc600000)
  to   space 4608K, 0% used [0x00000000dbd00000,0x00000000dbd00000,0x00000000dc180000)
 ParOldGen       total 79360K, used 3396K [0x000000008de00000, 0x0000000092b80000, 0x00000000d9f80000)
  object space 79360K, 4% used [0x000000008de00000,0x000000008e1512e0,0x0000000092b80000)
 Metaspace       used 19515K, capacity 19726K, committed 20096K, reserved 1067008K
  class space    used 2490K, capacity 2561K, committed 2688K, reserved 1048576K
Event: 25202.265 GC heap after
Heap after GC invocations=16 (full 7):
 PSYoungGen      total 34816K, used 160K [0x00000000d9f80000, 0x00000000dc600000, 0x0000000100000000)
  eden space 30208K, 0% used [0x00000000d9f80000,0x00000000d9f80000,0x00000000dbd00000)
  from space 4608K, 3% used [0x00000000dbd00000,0x00000000dbd28000,0x00000000dc180000)
  to   space 4608K, 0% used [0x00000000dc180000,0x00000000dc180000,0x00000000dc600000)
 ParOldGen       total 79360K, used 3404K [0x000000008de00000, 0x0000000092b80000, 0x00000000d9f80000)
  object space 79360K, 4% used [0x000000008de00000,0x000000008e1532e0,0x0000000092b80000)
 Metaspace       used 19515K, capacity 19726K, committed 20096K, reserved 1067008K
  class space    used 2490K, capacity 2561K, committed 2688K, reserved 1048576K
}
Event: 25202.265 GC heap before
{Heap before GC invocations=17 (full 8):
 PSYoungGen      total 34816K, used 160K [0x00000000d9f80000, 0x00000000dc600000, 0x0000000100000000)
  eden space 30208K, 0% used [0x00000000d9f80000,0x00000000d9f80000,0x00000000dbd00000)
  from space 4608K, 3% used [0x00000000dbd00000,0x00000000dbd28000,0x00000000dc180000)
  to   space 4608K, 0% used [0x00000000dc180000,0x00000000dc180000,0x00000000dc600000)
 ParOldGen       total 79360K, used 3404K [0x000000008de00000, 0x0000000092b80000, 0x00000000d9f80000)
  object space 79360K, 4% used [0x000000008de00000,0x000000008e1532e0,0x0000000092b80000)
 Metaspace       used 19515K, capacity 19726K, committed 20096K, reserved 1067008K
  class space    used 2490K, capacity 2561K, committed 2688K, reserved 1048576K
Event: 25202.285 GC heap after
Heap after GC invocations=17 (full 8):
 PSYoungGen      total 34816K, used 0K [0x00000000d9f80000, 0x00000000dc600000, 0x0000000100000000)
  eden space 30208K, 0% used [0x00000000d9f80000,0x00000000d9f80000,0x00000000dbd00000)
  from space 4608K, 0% used [0x00000000dbd00000,0x00000000dbd00000,0x00000000dc180000)
  to   space 4608K, 0% used [0x00000000dc180000,0x00000000dc180000,0x00000000dc600000)
 ParOldGen       total 79360K, used 3398K [0x000000008de00000, 0x0000000092b80000, 0x00000000d9f80000)
  object space 79360K, 4% used [0x000000008de00000,0x000000008e151bd0,0x0000000092b80000)
 Metaspace       used 19503K, capacity 19708K, committed 20096K, reserved 1067008K
  class space    used 2489K, capacity 2558K, committed 2688K, reserved 1048576K
}

