# JRE version: Java(TM) SE Runtime Environment (8.0_152-b16) (build 1.8.0_152-b16)
# Java VM: Java HotSpot(TM) 64-Bit Server VM (25.152-b16 mixed mode linux-amd64 compressed oops)
Heap:
 PSYoungGen      total 34816K, used 3311K [0x00000000d9f80000, 0x00000000dc600000, 0x0000000100000000)
  eden space 30208K, 10% used [0x00000000d9f80000,0x00000000da2bbe88,0x00000000dbd00000)
  from space 4608K, 0% used [0x00000000dbd00000,0x00000000dbd00000,0x00000000dc180000)
  to   space 4608K, 0% used [0x00000000dc180000,0x00000000dc180000,0x00000000dc600000)
 ParOldGen       total 79360K, used 3606K [0x000000008de00000, 0x0000000092b80000, 0x00000000d9f80000)
  object space 79360K, 4% used [0x000000008de00000,0x000000008e1859e8,0x0000000092b80000)
 Metaspace       used 20556K, capacity 20828K, committed 21504K, reserved 1069056K
  class space    used 2593K, capacity 2690K, committed 2816K, reserved 1048576K
GC Heap History (10 events):
Event: 36002.074 GC heap before
{Heap before GC invocations=24 (full 11):
 PSYoungGen      total 34816K, used 128K [0x00000000d9f80000, 0x00000000dc600000, 0x0000000100000000)
  eden space 30208K, 0% used [0x00000000d9f80000,0x00000000d9f80000,0x00000000dbd00000)
  from space 4608K, 2% used [0x00000000dbd00000,0x00000000dbd20000,0x00000000dc180000)
  to   space 4608K, 0% used [0x00000000dc180000,0x00000000dc180000,0x00000000dc600000)
 ParOldGen       total 79360K, used 3605K [0x000000008de00000, 0x0000000092b80000, 0x00000000d9f80000)
  object space 79360K, 4% used [0x000000008de00000,0x000000008e185620,0x0000000092b80000)
 Metaspace       used 20511K, capacity 20764K, committed 21248K, reserved 1067008K
  class space    used 2593K, capacity 2690K, committed 2816K, reserved 1048576K
Event: 36002.109 GC heap after
Heap after GC invocations=24 (full 11):
 PSYoungGen      total 34816K, used 0K [0x00000000d9f80000, 0x00000000dc600000, 0x0000000100000000)
  eden space 30208K, 0% used [0x00000000d9f80000,0x00000000d9f80000,0x00000000dbd00000)
  from space 4608K, 0% used [0x00000000dbd00000,0x00000000dbd00000,0x00000000dc180000)
  to   space 4608K, 0% used [0x00000000dc180000,0x00000000dc180000,0x00000000dc600000)
 ParOldGen       total 79360K, used 3605K [0x000000008de00000, 0x0000000092b80000, 0x00000000d9f80000)
  object space 79360K, 4% used [0x000000008de00000,0x000000008e185620,0x0000000092b80000)
 Metaspace       used 20499K, capacity 20746K, committed 21248K, reserved 1067008K
  class space    used 2591K, capacity 2687K, committed 2816K, reserved 1048576K
}
Event: 39602.110 GC heap before
{Heap before GC invocations=25 (full 11):
 PSYoungGen      total 34816K, used 2236K [0x00000000d9f80000, 0x00000000dc600000, 0x0000000100000000)
  eden space 30208K, 7% used [0x00000000d9f80000,0x00000000da1af3e8,0x00000000dbd00000)
  from space 4608K, 0% used [0x00000000dbd00000,0x00000000dbd00000,0x00000000dc180000)
  to   space 4608K, 0% used [0x00000000dc180000,0x00000000dc180000,0x00000000dc600000)
 ParOldGen       total 79360K, used 3605K [0x000000008de00000, 0x0000000092b80000, 0x00000000d9f80000)
  object space 79360K, 4% used [0x000000008de00000,0x000000008e185620,0x0000000092b80000)
 Metaspace       used 20552K, capacity 20828K, committed 21504K, reserved 1069056K
  class space    used 2593K, capacity 2690K, committed 2816K, reserved 1048576K
Event: 39602.115 GC heap after
Heap after GC invocations=25 (full 11):
 PSYoungGen      total 34816K, used 128K [0x00000000d9f80000, 0x00000000dc600000, 0x0000000100000000)
  eden space 30208K, 0% used [0x00000000d9f80000,0x00000000d9f80000,0x00000000dbd00000)
  from space 4608K, 2% used [0x00000000dc180000,0x00000000dc1a0000,0x00000000dc600000)
  to   space 4608K, 0% used [0x00000000dbd00000,0x00000000dbd00000,0x00000000dc180000)
 ParOldGen       total 79360K, used 3613K [0x000000008de00000, 0x0000000092b80000, 0x00000000d9f80000)
  object space 79360K, 4% used [0x000000008de00000,0x000000008e187620,0x0000000092b80000)
 Metaspace       used 20552K, capacity 20828K, committed 21504K, reserved 1069056K
  class space    used 2593K, capacity 2690K, committed 2816K, reserved 1048576K
}
Event: 39602.115 GC heap before
{Heap before GC invocations=26 (full 12):
 PSYoungGen      total 34816K, used 128K [0x00000000d9f80000, 0x00000000dc600000, 0x0000000100000000)
  eden space 30208K, 0% used [0x00000000d9f80000,0x00000000d9f80000,0x00000000dbd00000)
  from space 4608K, 2% used [0x00000000dc180000,0x00000000dc1a0000,0x00000000dc600000)
  to   space 4608K, 0% used [0x00000000dbd00000,0x00000000dbd00000,0x00000000dc180000)
 ParOldGen       total 79360K, used 3613K [0x000000008de00000, 0x0000000092b80000, 0x00000000d9f80000)
  object space 79360K, 4% used [0x000000008de00000,0x000000008e187620,0x0000000092b80000)
 Metaspace       used 20552K, capacity 20828K, committed 21504K, reserved 1069056K
  class space    used 2593K, capacity 2690K, committed 2816K, reserved 1048576K
Event: 39602.149 GC heap after
Heap after GC invocations=26 (full 12):
 PSYoungGen      total 34816K, used 0K [0x00000000d9f80000, 0x00000000dc600000, 0x0000000100000000)
  eden space 30208K, 0% used [0x00000000d9f80000,0x00000000d9f80000,0x00000000dbd00000)
  from space 4608K, 0% used [0x00000000dc180000,0x00000000dc180000,0x00000000dc600000)
  to   space 4608K, 0% used [0x00000000dbd00000,0x00000000dbd00000,0x00000000dc180000)
 ParOldGen       total 79360K, used 3606K [0x000000008de00000, 0x0000000092b80000, 0x00000000d9f80000)
  object space 79360K, 4% used [0x000000008de00000,0x000000008e185928,0x0000000092b80000)
 Metaspace       used 20541K, capacity 20810K, committed 21504K, reserved 1069056K
  class space    used 2591K, capacity 2687K, committed 2816K, reserved 1048576K
}
Event: 43202.150 GC heap before
{Heap before GC invocations=27 (full 12):
 PSYoungGen      total 34816K, used 2236K [0x00000000d9f80000, 0x00000000dc600000, 0x0000000100000000)
  eden space 30208K, 7% used [0x00000000d9f80000,0x00000000da1af3a8,0x00000000dbd00000)
  from space 4608K, 0% used [0x00000000dc180000,0x00000000dc180000,0x00000000dc600000)
  to   space 4608K, 0% used [0x00000000dbd00000,0x00000000dbd00000,0x00000000dc180000)
 ParOldGen       total 79360K, used 3606K [0x000000008de00000, 0x0000000092b80000, 0x00000000d9f80000)
  object space 79360K, 4% used [0x000000008de00000,0x000000008e185928,0x0000000092b80000)
 Metaspace       used 20554K, capacity 20828K, committed 21504K, reserved 1069056K
  class space    used 2593K, capacity 2690K, committed 2816K, reserved 1048576K
Event: 43202.155 GC heap after
Heap after GC invocations=27 (full 12):
 PSYoungGen      total 34816K, used 160K [0x00000000d9f80000, 0x00000000dc600000, 0x0000000100000000)
  eden space 30208K, 0% used [0x00000000d9f80000,0x00000000d9f80000,0x00000000dbd00000)
  from space 4608K, 3% used [0x00000000dbd00000,0x00000000dbd28000,0x00000000dc180000)
  to   space 4608K, 0% used [0x00000000dc180000,0x00000000dc180000,0x00000000dc600000)
 ParOldGen       total 79360K, used 3614K [0x000000008de00000, 0x0000000092b80000, 0x00000000d9f80000)
  object space 79360K, 4% used [0x000000008de00000,0x000000008e187928,0x0000000092b80000)
 Metaspace       used 20554K, capacity 20828K, committed 21504K, reserved 1069056K
  class space    used 2593K, capacity 2690K, committed 2816K, reserved 1048576K
}
Event: 43202.155 GC heap before
{Heap before GC invocations=28 (full 13):
 PSYoungGen      total 34816K, used 160K [0x00000000d9f80000, 0x00000000dc600000, 0x0000000100000000)
  eden space 30208K, 0% used [0x00000000d9f80000,0x00000000d9f80000,0x00000000dbd00000)
  from space 4608K, 3% used [0x00000000dbd00000,0x00000000dbd28000,0x00000000dc180000)
  to   space 4608K, 0% used [0x00000000dc180000,0x00000000dc180000,0x00000000dc600000)
 ParOldGen       total 79360K, used 3614K [0x000000008de00000, 0x0000000092b80000, 0x00000000d9f80000)
  object space 79360K, 4% used [0x000000008de00000,0x000000008e187928,0x0000000092b80000)
 Metaspace       used 20554K, capacity 20828K, committed 21504K, reserved 1069056K
  class space    used 2593K, capacity 2690K, committed 2816K, reserved 1048576K
Event: 43202.191 GC heap after
Heap after GC invocations=28 (full 13):
 PSYoungGen      total 34816K, used 0K [0x00000000d9f80000, 0x00000000dc600000, 0x0000000100000000)
  eden space 30208K, 0% used [0x00000000d9f80000,0x00000000d9f80000,0x00000000dbd00000)
  from space 4608K, 0% used [0x00000000dbd00000,0x00000000dbd00000,0x00000000dc180000)
  to   space 4608K, 0% used [0x00000000dc180000,0x00000000dc180000,0x00000000dc600000)
 ParOldGen       total 79360K, used 3606K [0x000000008de00000, 0x0000000092b80000, 0x00000000d9f80000)
  object space 79360K, 4% used [0x000000008de00000,0x000000008e1859e8,0x0000000092b80000)
 Metaspace       used 20542K, capacity 20810K, committed 21504K, reserved 1069056K
  class space    used 2591K, capacity 2687K, committed 2816K, reserved 1048576K
}

