# JRE version: Java(TM) SE Runtime Environment (8.0_152-b16) (build 1.8.0_152-b16)
# Java VM: Java HotSpot(TM) 64-Bit Server VM (25.152-b16 mixed mode linux-amd64 compressed oops)
Heap:
 PSYoungGen      total 34816K, used 19360K [0x00000000d9f80000, 0x00000000de380000, 0x0000000100000000)
  eden space 30208K, 48% used [0x00000000d9f80000,0x00000000dadec608,0x00000000dbd00000)
  from space 4608K, 99% used [0x00000000dc180000,0x00000000dc5fbb10,0x00000000dc600000)
  to   space 4608K, 0% used [0x00000000dbd00000,0x00000000dbd00000,0x00000000dc180000)
 ParOldGen       total 79360K, used 2816K [0x000000008de00000, 0x0000000092b80000, 0x00000000d9f80000)
  object space 79360K, 3% used [0x000000008de00000,0x000000008e0c0370,0x0000000092b80000)
 Metaspace       used 20552K, capacity 20924K, committed 20992K, reserved 1067008K
  class space    used 2630K, capacity 2754K, committed 2816K, reserved 1048576K
GC Heap History (4 events):
Event: 2.815 GC heap before
{Heap before GC invocations=1 (full 0):
 PSYoungGen      total 34816K, used 30208K [0x00000000d9f80000, 0x00000000dc600000, 0x0000000100000000)
  eden space 30208K, 100% used [0x00000000d9f80000,0x00000000dbd00000,0x00000000dbd00000)
  from space 4608K, 0% used [0x00000000dc180000,0x00000000dc180000,0x00000000dc600000)
  to   space 4608K, 0% used [0x00000000dbd00000,0x00000000dbd00000,0x00000000dc180000)
 ParOldGen       total 79360K, used 0K [0x000000008de00000, 0x0000000092b80000, 0x00000000d9f80000)
  object space 79360K, 0% used [0x000000008de00000,0x000000008de00000,0x0000000092b80000)
 Metaspace       used 13494K, capacity 13632K, committed 13952K, reserved 1060864K
  class space    used 1737K, capacity 1796K, committed 1920K, reserved 1048576K
Event: 2.831 GC heap after
Heap after GC invocations=1 (full 0):
 PSYoungGen      total 34816K, used 4603K [0x00000000d9f80000, 0x00000000dc600000, 0x0000000100000000)
  eden space 30208K, 0% used [0x00000000d9f80000,0x00000000d9f80000,0x00000000dbd00000)
  from space 4608K, 99% used [0x00000000dbd00000,0x00000000dc17ed28,0x00000000dc180000)
  to   space 4608K, 0% used [0x00000000dc180000,0x00000000dc180000,0x00000000dc600000)
 ParOldGen       total 79360K, used 1032K [0x000000008de00000, 0x0000000092b80000, 0x00000000d9f80000)
  object space 79360K, 1% used [0x000000008de00000,0x000000008df02030,0x0000000092b80000)
 Metaspace       used 13494K, capacity 13632K, committed 13952K, reserved 1060864K
  class space    used 1737K, capacity 1796K, committed 1920K, reserved 1048576K
}
Event: 3.637 GC heap before
{Heap before GC invocations=2 (full 0):
 PSYoungGen      total 34816K, used 34811K [0x00000000d9f80000, 0x00000000dc600000, 0x0000000100000000)
  eden space 30208K, 100% used [0x00000000d9f80000,0x00000000dbd00000,0x00000000dbd00000)
  from space 4608K, 99% used [0x00000000dbd00000,0x00000000dc17ed28,0x00000000dc180000)
  to   space 4608K, 0% used [0x00000000dc180000,0x00000000dc180000,0x00000000dc600000)
 ParOldGen       total 79360K, used 1032K [0x000000008de00000, 0x0000000092b80000, 0x00000000d9f80000)
  object space 79360K, 1% used [0x000000008de00000,0x000000008df02030,0x0000000092b80000)
 Metaspace       used 18995K, capacity 19316K, committed 19584K, reserved 1067008K
  class space    used 2450K, capacity 2566K, committed 2688K, reserved 1048576K
Event: 3.652 GC heap after
Heap after GC invocations=2 (full 0):
 PSYoungGen      total 34816K, used 4590K [0x00000000d9f80000, 0x00000000de380000, 0x0000000100000000)
  eden space 30208K, 0% used [0x00000000d9f80000,0x00000000d9f80000,0x00000000dbd00000)
  from space 4608K, 99% used [0x00000000dc180000,0x00000000dc5fbb10,0x00000000dc600000)
  to   space 4608K, 0% used [0x00000000dbd00000,0x00000000dbd00000,0x00000000dc180000)
 ParOldGen       total 79360K, used 2816K [0x000000008de00000, 0x0000000092b80000, 0x00000000d9f80000)
  object space 79360K, 3% used [0x000000008de00000,0x000000008e0c0370,0x0000000092b80000)
 Metaspace       used 18995K, capacity 19316K, committed 19584K, reserved 1067008K
  class space    used 2450K, capacity 2566K, committed 2688K, reserved 1048576K
}

